[ 2017-06-06T00:29:53+08:00 ] 192.168.201.80 /wechat/index.php/Home/User/login/
INFO: [ app_init ] --START--
INFO: Run Behavior\BuildLiteBehavior [ RunTime:0.000011s ]
INFO: [ app_init ] --END-- [ RunTime:0.000455s ]
INFO: [ app_begin ] --START--
INFO: Run Behavior\ReadHtmlCacheBehavior [ RunTime:0.000719s ]
INFO: [ app_begin ] --END-- [ RunTime:0.000762s ]
SQL: SHOW COLUMNS FROM `user` [ RunTime:0.0038s ]
SQL: SELECT `id` FROM `user` ORDER BY id desc LIMIT 1   [ RunTime:0.0004s ]
SQL: SELECT * FROM `user` WHERE `username` = 'hjh' LIMIT 1   [ RunTime:0.0003s ]
SQL: SELECT * FROM `user` WHERE `username` = 'hjh' AND `password` = '202cb962ac59075b964b07152d234b70' LIMIT 1   [ RunTime:0.0003s ]
INFO: [ app_end ] --START--
INFO: Run Behavior\ShowPageTraceBehavior [ RunTime:0.000963s ]
INFO: [ app_end ] --END-- [ RunTime:0.001057s ]

[ 2017-06-06T00:30:01+08:00 ] 192.168.201.80 /wechat/index.php/Home/User/getFriends/
INFO: [ app_init ] --START--
INFO: Run Behavior\BuildLiteBehavior [ RunTime:0.000010s ]
INFO: [ app_init ] --END-- [ RunTime:0.000377s ]
INFO: [ app_begin ] --START--
INFO: Run Behavior\ReadHtmlCacheBehavior [ RunTime:0.000705s ]
INFO: [ app_begin ] --END-- [ RunTime:0.000755s ]
SQL: SHOW COLUMNS FROM `friends` [ RunTime:0.0037s ]
SQL: SHOW COLUMNS FROM `friends` [ RunTime:0.0031s ]
SQL: SELECT `frename` FROM `friends` WHERE `userid` = '000001'  [ RunTime:0.0007s ]
SQL: SELECT `username` FROM `friends` WHERE `freid` = '000001'  [ RunTime:0.0005s ]
INFO: [ app_end ] --START--
INFO: Run Behavior\ShowPageTraceBehavior [ RunTime:0.000971s ]
INFO: [ app_end ] --END-- [ RunTime:0.001047s ]

[ 2017-06-06T00:30:05+08:00 ] 192.168.201.80 /wechat/index.php/Home/User/login/
INFO: [ app_init ] --START--
INFO: Run Behavior\BuildLiteBehavior [ RunTime:0.000010s ]
INFO: [ app_init ] --END-- [ RunTime:0.000351s ]
INFO: [ app_begin ] --START--
INFO: Run Behavior\ReadHtmlCacheBehavior [ RunTime:0.000584s ]
INFO: [ app_begin ] --END-- [ RunTime:0.000622s ]
ERR: 参数错误或者未定义:username

[ 2017-06-06T09:29:49+08:00 ] 192.168.201.80 /wechat/index.php/Home/User/login/
INFO: [ app_init ] --START--
INFO: Run Behavior\BuildLiteBehavior [ RunTime:0.000010s ]
INFO: [ app_init ] --END-- [ RunTime:0.000401s ]
INFO: [ app_begin ] --START--
INFO: Run Behavior\ReadHtmlCacheBehavior [ RunTime:0.000593s ]
INFO: [ app_begin ] --END-- [ RunTime:0.000644s ]
SQL: SHOW COLUMNS FROM `user` [ RunTime:0.0180s ]
SQL: SELECT `id` FROM `user` ORDER BY id desc LIMIT 1   [ RunTime:0.0006s ]
SQL: SELECT * FROM `user` WHERE `username` = 'hjh' LIMIT 1   [ RunTime:0.0006s ]
SQL: SELECT * FROM `user` WHERE `username` = 'hjh' AND `password` = '202cb962ac59075b964b07152d234b70' LIMIT 1   [ RunTime:0.0005s ]
INFO: [ app_end ] --START--
INFO: Run Behavior\ShowPageTraceBehavior [ RunTime:0.001780s ]
INFO: [ app_end ] --END-- [ RunTime:0.001945s ]

[ 2017-06-06T09:29:54+08:00 ] 192.168.201.80 /wechat/index.php/Home/User/getFriends/
INFO: [ app_init ] --START--
INFO: Run Behavior\BuildLiteBehavior [ RunTime:0.000023s ]
INFO: [ app_init ] --END-- [ RunTime:0.000835s ]
INFO: [ app_begin ] --START--
INFO: Run Behavior\ReadHtmlCacheBehavior [ RunTime:0.001009s ]
INFO: [ app_begin ] --END-- [ RunTime:0.001099s ]
SQL: SHOW COLUMNS FROM `friends` [ RunTime:0.0144s ]
SQL: SHOW COLUMNS FROM `friends` [ RunTime:0.0059s ]
SQL: SELECT `frename` FROM `friends` WHERE `userid` = '000001'  [ RunTime:0.0007s ]
SQL: SELECT `username` FROM `friends` WHERE `freid` = '000001'  [ RunTime:0.0005s ]
INFO: [ app_end ] --START--
INFO: Run Behavior\ShowPageTraceBehavior [ RunTime:0.001462s ]
INFO: [ app_end ] --END-- [ RunTime:0.001595s ]

[ 2017-06-06T09:29:56+08:00 ] 192.168.201.80 /wechat/index.php/Home/User/login/
INFO: [ app_init ] --START--
INFO: Run Behavior\BuildLiteBehavior [ RunTime:0.000010s ]
INFO: [ app_init ] --END-- [ RunTime:0.000363s ]
INFO: [ app_begin ] --START--
INFO: Run Behavior\ReadHtmlCacheBehavior [ RunTime:0.000473s ]
INFO: [ app_begin ] --END-- [ RunTime:0.000510s ]
ERR: 参数错误或者未定义:username

[ 2017-06-06T09:33:10+08:00 ] 192.168.201.80 /wechat/index.php/Home/User/search/
INFO: [ app_init ] --START--
INFO: Run Behavior\BuildLiteBehavior [ RunTime:0.000012s ]
INFO: [ app_init ] --END-- [ RunTime:0.000417s ]
INFO: [ app_begin ] --START--
INFO: Run Behavior\ReadHtmlCacheBehavior [ RunTime:0.000786s ]
INFO: [ app_begin ] --END-- [ RunTime:0.000861s ]
SQL: SHOW COLUMNS FROM `user` [ RunTime:0.0032s ]
SQL: SELECT `id` FROM `user` ORDER BY id desc LIMIT 1   [ RunTime:0.0003s ]
SQL: SELECT * FROM `user` WHERE `username` = 'ttt' LIMIT 1   [ RunTime:0.0003s ]
INFO: [ app_end ] --START--
INFO: Run Behavior\ShowPageTraceBehavior [ RunTime:0.000512s ]
INFO: [ app_end ] --END-- [ RunTime:0.000566s ]

[ 2017-06-06T09:33:21+08:00 ] 192.168.201.80 /wechat/index.php/Home/User/addFriend/
INFO: [ app_init ] --START--
INFO: Run Behavior\BuildLiteBehavior [ RunTime:0.000012s ]
INFO: [ app_init ] --END-- [ RunTime:0.000388s ]
INFO: [ app_begin ] --START--
INFO: Run Behavior\ReadHtmlCacheBehavior [ RunTime:0.000643s ]
INFO: [ app_begin ] --END-- [ RunTime:0.000706s ]
SQL: SHOW COLUMNS FROM `friends` [ RunTime:0.0027s ]
SQL: SHOW COLUMNS FROM `friends` [ RunTime:0.0024s ]
SQL: select * from `friends` where userid='000001'and freid='000006'  [ RunTime:0.0359s ]
SQL: SHOW COLUMNS FROM `friends` [ RunTime:0.0081s ]
SQL: select * from `friends` where userid='000006'and freid='000001'  [ RunTime:0.0017s ]
INFO: [ app_end ] --START--
INFO: Run Behavior\ShowPageTraceBehavior [ RunTime:0.001746s ]
INFO: [ app_end ] --END-- [ RunTime:0.001871s ]

[ 2017-06-06T09:39:23+08:00 ] 192.168.201.80 /wechat/index.php/Home/User/login/
INFO: [ app_init ] --START--
INFO: Run Behavior\BuildLiteBehavior [ RunTime:0.000010s ]
INFO: [ app_init ] --END-- [ RunTime:0.000359s ]
INFO: [ app_begin ] --START--
INFO: Run Behavior\ReadHtmlCacheBehavior [ RunTime:0.000460s ]
INFO: [ app_begin ] --END-- [ RunTime:0.000499s ]
SQL: SHOW COLUMNS FROM `user` [ RunTime:0.0030s ]
SQL: SELECT `id` FROM `user` ORDER BY id desc LIMIT 1   [ RunTime:0.0003s ]
SQL: SELECT * FROM `user` WHERE `username` = 'hjh' LIMIT 1   [ RunTime:0.0002s ]
SQL: SELECT * FROM `user` WHERE `username` = 'hjh' AND `password` = '202cb962ac59075b964b07152d234b70' LIMIT 1   [ RunTime:0.0002s ]
INFO: [ app_end ] --START--
INFO: Run Behavior\ShowPageTraceBehavior [ RunTime:0.000493s ]
INFO: [ app_end ] --END-- [ RunTime:0.000542s ]

[ 2017-06-06T09:39:27+08:00 ] 192.168.201.80 /wechat/index.php/Home/User/getFriends/
INFO: [ app_init ] --START--
INFO: Run Behavior\BuildLiteBehavior [ RunTime:0.000013s ]
INFO: [ app_init ] --END-- [ RunTime:0.000539s ]
INFO: [ app_begin ] --START--
INFO: Run Behavior\ReadHtmlCacheBehavior [ RunTime:0.000457s ]
INFO: [ app_begin ] --END-- [ RunTime:0.000499s ]
SQL: SHOW COLUMNS FROM `friends` [ RunTime:0.0030s ]
SQL: SHOW COLUMNS FROM `friends` [ RunTime:0.0024s ]
SQL: SELECT `frename` FROM `friends` WHERE `userid` = '000001'  [ RunTime:0.0004s ]
SQL: SELECT `username` FROM `friends` WHERE `freid` = '000001'  [ RunTime:0.0003s ]
INFO: [ app_end ] --START--
INFO: Run Behavior\ShowPageTraceBehavior [ RunTime:0.000501s ]
INFO: [ app_end ] --END-- [ RunTime:0.000547s ]

[ 2017-06-06T09:39:40+08:00 ] 192.168.201.80 /wechat/index.php/Home/User/search/
INFO: [ app_init ] --START--
INFO: Run Behavior\BuildLiteBehavior [ RunTime:0.000012s ]
INFO: [ app_init ] --END-- [ RunTime:0.000390s ]
INFO: [ app_begin ] --START--
INFO: Run Behavior\ReadHtmlCacheBehavior [ RunTime:0.000463s ]
INFO: [ app_begin ] --END-- [ RunTime:0.000507s ]
SQL: SHOW COLUMNS FROM `user` [ RunTime:0.0029s ]
SQL: SELECT `id` FROM `user` ORDER BY id desc LIMIT 1   [ RunTime:0.0002s ]
SQL: SELECT * FROM `user` WHERE `username` = 'la' LIMIT 1   [ RunTime:0.0002s ]
INFO: [ app_end ] --START--
INFO: Run Behavior\ShowPageTraceBehavior [ RunTime:0.000558s ]
INFO: [ app_end ] --END-- [ RunTime:0.000618s ]

[ 2017-06-06T09:39:44+08:00 ] 192.168.201.80 /wechat/index.php/Home/User/login/
INFO: [ app_init ] --START--
INFO: Run Behavior\BuildLiteBehavior [ RunTime:0.000013s ]
INFO: [ app_init ] --END-- [ RunTime:0.000466s ]
INFO: [ app_begin ] --START--
INFO: Run Behavior\ReadHtmlCacheBehavior [ RunTime:0.000570s ]
INFO: [ app_begin ] --END-- [ RunTime:0.000618s ]
ERR: 参数错误或者未定义:username

[ 2017-06-06T09:43:26+08:00 ] 192.168.201.80 /wechat/index.php/Home/User/login/
INFO: [ app_init ] --START--
INFO: Run Behavior\BuildLiteBehavior [ RunTime:0.000010s ]
INFO: [ app_init ] --END-- [ RunTime:0.000359s ]
INFO: [ app_begin ] --START--
INFO: Run Behavior\ReadHtmlCacheBehavior [ RunTime:0.000614s ]
INFO: [ app_begin ] --END-- [ RunTime:0.000671s ]
SQL: SHOW COLUMNS FROM `user` [ RunTime:0.0026s ]
SQL: SELECT `id` FROM `user` ORDER BY id desc LIMIT 1   [ RunTime:0.0002s ]
SQL: SELECT * FROM `user` WHERE `username` = 'hjh' LIMIT 1   [ RunTime:0.0002s ]
SQL: SELECT * FROM `user` WHERE `username` = 'hjh' AND `password` = '202cb962ac59075b964b07152d234b70' LIMIT 1   [ RunTime:0.0002s ]
INFO: [ app_end ] --START--
INFO: Run Behavior\ShowPageTraceBehavior [ RunTime:0.000480s ]
INFO: [ app_end ] --END-- [ RunTime:0.000528s ]

[ 2017-06-06T09:43:28+08:00 ] 192.168.201.80 /wechat/index.php/Home/User/getFriends/
INFO: [ app_init ] --START--
INFO: Run Behavior\BuildLiteBehavior [ RunTime:0.000010s ]
INFO: [ app_init ] --END-- [ RunTime:0.000381s ]
INFO: [ app_begin ] --START--
INFO: Run Behavior\ReadHtmlCacheBehavior [ RunTime:0.000383s ]
INFO: [ app_begin ] --END-- [ RunTime:0.000418s ]
SQL: SHOW COLUMNS FROM `friends` [ RunTime:0.0024s ]
SQL: SHOW COLUMNS FROM `friends` [ RunTime:0.0020s ]
SQL: SELECT `frename` FROM `friends` WHERE `userid` = '000001'  [ RunTime:0.0003s ]
SQL: SELECT `username` FROM `friends` WHERE `freid` = '000001'  [ RunTime:0.0002s ]
INFO: [ app_end ] --START--
INFO: Run Behavior\ShowPageTraceBehavior [ RunTime:0.000462s ]
INFO: [ app_end ] --END-- [ RunTime:0.000505s ]

[ 2017-06-06T10:06:57+08:00 ] 192.168.201.80 /wechat/index.php/Home/User/logout/
INFO: [ app_init ] --START--
INFO: Run Behavior\BuildLiteBehavior [ RunTime:0.000021s ]
INFO: [ app_init ] --END-- [ RunTime:0.000645s ]
INFO: [ app_begin ] --START--
INFO: Run Behavior\ReadHtmlCacheBehavior [ RunTime:0.000836s ]
INFO: [ app_begin ] --END-- [ RunTime:0.000899s ]
INFO: [ app_end ] --START--
INFO: Run Behavior\ShowPageTraceBehavior [ RunTime:0.000554s ]
INFO: [ app_end ] --END-- [ RunTime:0.000601s ]

[ 2017-06-06T10:07:59+08:00 ] 192.168.201.80 /wechat/index.php/Home/User/login/
INFO: [ app_init ] --START--
INFO: Run Behavior\BuildLiteBehavior [ RunTime:0.000016s ]
INFO: [ app_init ] --END-- [ RunTime:0.000507s ]
INFO: [ app_begin ] --START--
INFO: Run Behavior\ReadHtmlCacheBehavior [ RunTime:0.000399s ]
INFO: [ app_begin ] --END-- [ RunTime:0.000439s ]
SQL: SHOW COLUMNS FROM `user` [ RunTime:0.0036s ]
SQL: SELECT `id` FROM `user` ORDER BY id desc LIMIT 1   [ RunTime:0.0004s ]
SQL: SELECT * FROM `user` WHERE `username` = 'hjh' LIMIT 1   [ RunTime:0.0003s ]
SQL: SELECT * FROM `user` WHERE `username` = 'hjh' AND `password` = '202cb962ac59075b964b07152d234b70' LIMIT 1   [ RunTime:0.0004s ]
INFO: [ app_end ] --START--
INFO: Run Behavior\ShowPageTraceBehavior [ RunTime:0.000898s ]
INFO: [ app_end ] --END-- [ RunTime:0.001016s ]

[ 2017-06-06T10:10:15+08:00 ] 192.168.201.80 /wechat/index.php/Home/User/login/
INFO: [ app_init ] --START--
INFO: Run Behavior\BuildLiteBehavior [ RunTime:0.000013s ]
INFO: [ app_init ] --END-- [ RunTime:0.000433s ]
INFO: [ app_begin ] --START--
INFO: Run Behavior\ReadHtmlCacheBehavior [ RunTime:0.000592s ]
INFO: [ app_begin ] --END-- [ RunTime:0.000640s ]
SQL: SHOW COLUMNS FROM `user` [ RunTime:0.0031s ]
SQL: SELECT `id` FROM `user` ORDER BY id desc LIMIT 1   [ RunTime:0.0003s ]
SQL: SELECT * FROM `user` WHERE `username` = 'hjh' LIMIT 1   [ RunTime:0.0002s ]
SQL: SELECT * FROM `user` WHERE `username` = 'hjh' AND `password` = '202cb962ac59075b964b07152d234b70' LIMIT 1   [ RunTime:0.0002s ]
INFO: [ app_end ] --START--
INFO: Run Behavior\ShowPageTraceBehavior [ RunTime:0.000586s ]
INFO: [ app_end ] --END-- [ RunTime:0.000646s ]

[ 2017-06-06T10:10:23+08:00 ] 192.168.201.80 /wechat/index.php/Home/User/getFriends/
INFO: [ app_init ] --START--
INFO: Run Behavior\BuildLiteBehavior [ RunTime:0.000011s ]
INFO: [ app_init ] --END-- [ RunTime:0.000379s ]
INFO: [ app_begin ] --START--
INFO: Run Behavior\ReadHtmlCacheBehavior [ RunTime:0.000524s ]
INFO: [ app_begin ] --END-- [ RunTime:0.000572s ]
SQL: SHOW COLUMNS FROM `friends` [ RunTime:0.0025s ]
SQL: SHOW COLUMNS FROM `friends` [ RunTime:0.0022s ]
SQL: SELECT `frename` FROM `friends` WHERE `userid` = '000001'  [ RunTime:0.0003s ]
SQL: SELECT `username` FROM `friends` WHERE `freid` = '000001'  [ RunTime:0.0002s ]
INFO: [ app_end ] --START--
INFO: Run Behavior\ShowPageTraceBehavior [ RunTime:0.000415s ]
INFO: [ app_end ] --END-- [ RunTime:0.000452s ]

[ 2017-06-06T10:11:22+08:00 ] 192.168.201.80 /wechat/index.php/Home/User/login/
INFO: [ app_init ] --START--
INFO: Run Behavior\BuildLiteBehavior [ RunTime:0.000012s ]
INFO: [ app_init ] --END-- [ RunTime:0.000449s ]
INFO: [ app_begin ] --START--
INFO: Run Behavior\ReadHtmlCacheBehavior [ RunTime:0.000457s ]
INFO: [ app_begin ] --END-- [ RunTime:0.000499s ]
SQL: SHOW COLUMNS FROM `user` [ RunTime:0.0033s ]
SQL: SELECT `id` FROM `user` ORDER BY id desc LIMIT 1   [ RunTime:0.0002s ]
SQL: SELECT * FROM `user` WHERE `username` = 'hjh' LIMIT 1   [ RunTime:0.0002s ]
SQL: SELECT * FROM `user` WHERE `username` = 'hjh' AND `password` = '202cb962ac59075b964b07152d234b70' LIMIT 1   [ RunTime:0.0002s ]
INFO: [ app_end ] --START--
INFO: Run Behavior\ShowPageTraceBehavior [ RunTime:0.000580s ]
INFO: [ app_end ] --END-- [ RunTime:0.000640s ]

[ 2017-06-06T10:11:25+08:00 ] 192.168.201.80 /wechat/index.php/Home/User/getFriends/
INFO: [ app_init ] --START--
INFO: Run Behavior\BuildLiteBehavior [ RunTime:0.000012s ]
INFO: [ app_init ] --END-- [ RunTime:0.000610s ]
INFO: [ app_begin ] --START--
INFO: Run Behavior\ReadHtmlCacheBehavior [ RunTime:0.000591s ]
INFO: [ app_begin ] --END-- [ RunTime:0.000651s ]
SQL: SHOW COLUMNS FROM `friends` [ RunTime:0.0025s ]
SQL: SHOW COLUMNS FROM `friends` [ RunTime:0.0020s ]
SQL: SELECT `frename` FROM `friends` WHERE `userid` = '000001'  [ RunTime:0.0003s ]
SQL: SELECT `username` FROM `friends` WHERE `freid` = '000001'  [ RunTime:0.0002s ]
INFO: [ app_end ] --START--
INFO: Run Behavior\ShowPageTraceBehavior [ RunTime:0.000574s ]
INFO: [ app_end ] --END-- [ RunTime:0.000634s ]

[ 2017-06-06T10:15:35+08:00 ] 192.168.201.80 /wechat/index.php/Home/User/login/
INFO: [ app_init ] --START--
INFO: Run Behavior\BuildLiteBehavior [ RunTime:0.000010s ]
INFO: [ app_init ] --END-- [ RunTime:0.000368s ]
INFO: [ app_begin ] --START--
INFO: Run Behavior\ReadHtmlCacheBehavior [ RunTime:0.000465s ]
INFO: [ app_begin ] --END-- [ RunTime:0.000502s ]
SQL: SHOW COLUMNS FROM `user` [ RunTime:0.0030s ]
SQL: SELECT `id` FROM `user` ORDER BY id desc LIMIT 1   [ RunTime:0.0003s ]
SQL: SELECT * FROM `user` WHERE `username` = 'hjh' LIMIT 1   [ RunTime:0.0002s ]
SQL: SELECT * FROM `user` WHERE `username` = 'hjh' AND `password` = '202cb962ac59075b964b07152d234b70' LIMIT 1   [ RunTime:0.0002s ]
INFO: [ app_end ] --START--
INFO: Run Behavior\ShowPageTraceBehavior [ RunTime:0.000651s ]
INFO: [ app_end ] --END-- [ RunTime:0.000706s ]

[ 2017-06-06T10:15:37+08:00 ] 192.168.201.80 /wechat/index.php/Home/User/getFriends/
INFO: [ app_init ] --START--
INFO: Run Behavior\BuildLiteBehavior [ RunTime:0.000011s ]
INFO: [ app_init ] --END-- [ RunTime:0.000327s ]
INFO: [ app_begin ] --START--
INFO: Run Behavior\ReadHtmlCacheBehavior [ RunTime:0.000385s ]
INFO: [ app_begin ] --END-- [ RunTime:0.000423s ]
SQL: SHOW COLUMNS FROM `friends` [ RunTime:0.0029s ]
SQL: SHOW COLUMNS FROM `friends` [ RunTime:0.0021s ]
SQL: SELECT `frename` FROM `friends` WHERE `userid` = '000001'  [ RunTime:0.0003s ]
SQL: SELECT `username` FROM `friends` WHERE `freid` = '000001'  [ RunTime:0.0002s ]
INFO: [ app_end ] --START--
INFO: Run Behavior\ShowPageTraceBehavior [ RunTime:0.000481s ]
INFO: [ app_end ] --END-- [ RunTime:0.000530s ]

[ 2017-06-06T10:15:39+08:00 ] 192.168.201.80 /wechat/index.php/Home/User/login/
INFO: [ app_init ] --START--
INFO: Run Behavior\BuildLiteBehavior [ RunTime:0.000010s ]
INFO: [ app_init ] --END-- [ RunTime:0.000354s ]
INFO: [ app_begin ] --START--
INFO: Run Behavior\ReadHtmlCacheBehavior [ RunTime:0.000465s ]
INFO: [ app_begin ] --END-- [ RunTime:0.000502s ]
ERR: 参数错误或者未定义:username

[ 2017-06-06T10:17:39+08:00 ] 192.168.201.80 /wechat/index.php/Home/User/login/
INFO: [ app_init ] --START--
INFO: Run Behavior\BuildLiteBehavior [ RunTime:0.000012s ]
INFO: [ app_init ] --END-- [ RunTime:0.000393s ]
INFO: [ app_begin ] --START--
INFO: Run Behavior\ReadHtmlCacheBehavior [ RunTime:0.000529s ]
INFO: [ app_begin ] --END-- [ RunTime:0.000574s ]
SQL: SHOW COLUMNS FROM `user` [ RunTime:0.0029s ]
SQL: SELECT `id` FROM `user` ORDER BY id desc LIMIT 1   [ RunTime:0.0003s ]
SQL: SELECT * FROM `user` WHERE `username` = 'hjh' LIMIT 1   [ RunTime:0.0003s ]
SQL: SELECT * FROM `user` WHERE `username` = 'hjh' AND `password` = '202cb962ac59075b964b07152d234b70' LIMIT 1   [ RunTime:0.0002s ]
INFO: [ app_end ] --START--
INFO: Run Behavior\ShowPageTraceBehavior [ RunTime:0.000642s ]
INFO: [ app_end ] --END-- [ RunTime:0.000707s ]

[ 2017-06-06T10:17:42+08:00 ] 192.168.201.80 /wechat/index.php/Home/User/getFriends/
INFO: [ app_init ] --START--
INFO: Run Behavior\BuildLiteBehavior [ RunTime:0.000009s ]
INFO: [ app_init ] --END-- [ RunTime:0.000363s ]
INFO: [ app_begin ] --START--
INFO: Run Behavior\ReadHtmlCacheBehavior [ RunTime:0.000463s ]
INFO: [ app_begin ] --END-- [ RunTime:0.000499s ]
SQL: SHOW COLUMNS FROM `friends` [ RunTime:0.0026s ]
SQL: SHOW COLUMNS FROM `friends` [ RunTime:0.0022s ]
SQL: SELECT `frename` FROM `friends` WHERE `userid` = '000001'  [ RunTime:0.0003s ]
SQL: SELECT `username` FROM `friends` WHERE `freid` = '000001'  [ RunTime:0.0002s ]
INFO: [ app_end ] --START--
INFO: Run Behavior\ShowPageTraceBehavior [ RunTime:0.000443s ]
INFO: [ app_end ] --END-- [ RunTime:0.000489s ]

[ 2017-06-06T10:17:46+08:00 ] 192.168.201.80 /wechat/index.php/Home/User/login/
INFO: [ app_init ] --START--
INFO: Run Behavior\BuildLiteBehavior [ RunTime:0.000010s ]
INFO: [ app_init ] --END-- [ RunTime:0.000439s ]
INFO: [ app_begin ] --START--
INFO: Run Behavior\ReadHtmlCacheBehavior [ RunTime:0.000703s ]
INFO: [ app_begin ] --END-- [ RunTime:0.000757s ]
ERR: 参数错误或者未定义:username

[ 2017-06-06T10:23:35+08:00 ] 192.168.201.80 /wechat/index.php/Home/User/login/
INFO: [ app_init ] --START--
INFO: Run Behavior\BuildLiteBehavior [ RunTime:0.000023s ]
INFO: [ app_init ] --END-- [ RunTime:0.001037s ]
INFO: [ app_begin ] --START--
INFO: Run Behavior\ReadHtmlCacheBehavior [ RunTime:0.001602s ]
INFO: [ app_begin ] --END-- [ RunTime:0.001709s ]
SQL: SHOW COLUMNS FROM `user` [ RunTime:0.0061s ]
SQL: SELECT `id` FROM `user` ORDER BY id desc LIMIT 1   [ RunTime:0.0005s ]
SQL: SELECT * FROM `user` WHERE `username` = 'hjh' LIMIT 1   [ RunTime:0.0005s ]
SQL: SELECT * FROM `user` WHERE `username` = 'hjh' AND `password` = '202cb962ac59075b964b07152d234b70' LIMIT 1   [ RunTime:0.0005s ]
INFO: [ app_end ] --START--
INFO: Run Behavior\ShowPageTraceBehavior [ RunTime:0.001278s ]
INFO: [ app_end ] --END-- [ RunTime:0.001399s ]

[ 2017-06-06T10:23:38+08:00 ] 192.168.201.80 /wechat/index.php/Home/User/login/
INFO: [ app_init ] --START--
INFO: Run Behavior\BuildLiteBehavior [ RunTime:0.000011s ]
INFO: [ app_init ] --END-- [ RunTime:0.000421s ]
INFO: [ app_begin ] --START--
INFO: Run Behavior\ReadHtmlCacheBehavior [ RunTime:0.000463s ]
INFO: [ app_begin ] --END-- [ RunTime:0.000500s ]
ERR: 参数错误或者未定义:username

[ 2017-06-06T10:23:39+08:00 ] 192.168.201.80 /wechat/index.php/Home/User/getFriends/
INFO: [ app_init ] --START--
INFO: Run Behavior\BuildLiteBehavior [ RunTime:0.000017s ]
INFO: [ app_init ] --END-- [ RunTime:0.000520s ]
INFO: [ app_begin ] --START--
INFO: Run Behavior\ReadHtmlCacheBehavior [ RunTime:0.000404s ]
INFO: [ app_begin ] --END-- [ RunTime:0.000443s ]
SQL: SHOW COLUMNS FROM `friends` [ RunTime:0.0026s ]
SQL: SHOW COLUMNS FROM `friends` [ RunTime:0.0021s ]
SQL: SELECT `frename` FROM `friends` WHERE `userid` = '000001'  [ RunTime:0.0003s ]
SQL: SELECT `username` FROM `friends` WHERE `freid` = '000001'  [ RunTime:0.0002s ]
INFO: [ app_end ] --START--
INFO: Run Behavior\ShowPageTraceBehavior [ RunTime:0.000497s ]
INFO: [ app_end ] --END-- [ RunTime:0.000542s ]

[ 2017-06-06T10:28:51+08:00 ] 192.168.201.80 /wechat/index.php/Home/User/login/
INFO: [ app_init ] --START--
INFO: Run Behavior\BuildLiteBehavior [ RunTime:0.000013s ]
INFO: [ app_init ] --END-- [ RunTime:0.000517s ]
INFO: [ app_begin ] --START--
INFO: Run Behavior\ReadHtmlCacheBehavior [ RunTime:0.000645s ]
INFO: [ app_begin ] --END-- [ RunTime:0.000688s ]
SQL: SHOW COLUMNS FROM `user` [ RunTime:0.0111s ]
SQL: SELECT `id` FROM `user` ORDER BY id desc LIMIT 1   [ RunTime:0.0003s ]
SQL: SELECT * FROM `user` WHERE `username` = 'hjh' LIMIT 1   [ RunTime:0.0002s ]
SQL: SELECT * FROM `user` WHERE `username` = 'hjh' AND `password` = '202cb962ac59075b964b07152d234b70' LIMIT 1   [ RunTime:0.0002s ]
INFO: [ app_end ] --START--
INFO: Run Behavior\ShowPageTraceBehavior [ RunTime:0.000654s ]
INFO: [ app_end ] --END-- [ RunTime:0.000712s ]

[ 2017-06-06T10:28:53+08:00 ] 192.168.201.80 /wechat/index.php/Home/User/getFriends/
INFO: [ app_init ] --START--
INFO: Run Behavior\BuildLiteBehavior [ RunTime:0.000020s ]
INFO: [ app_init ] --END-- [ RunTime:0.000590s ]
INFO: [ app_begin ] --START--
INFO: Run Behavior\ReadHtmlCacheBehavior [ RunTime:0.001606s ]
INFO: [ app_begin ] --END-- [ RunTime:0.001692s ]
SQL: SHOW COLUMNS FROM `friends` [ RunTime:0.0037s ]
SQL: SHOW COLUMNS FROM `friends` [ RunTime:0.0034s ]
SQL: SELECT `frename` FROM `friends` WHERE `userid` = '000001'  [ RunTime:0.0004s ]
SQL: SELECT `username` FROM `friends` WHERE `freid` = '000001'  [ RunTime:0.0003s ]
INFO: [ app_end ] --START--
INFO: Run Behavior\ShowPageTraceBehavior [ RunTime:0.000724s ]
INFO: [ app_end ] --END-- [ RunTime:0.000804s ]

[ 2017-06-06T10:28:58+08:00 ] 192.168.201.80 /wechat/index.php/Home/User/login/
INFO: [ app_init ] --START--
INFO: Run Behavior\BuildLiteBehavior [ RunTime:0.000011s ]
INFO: [ app_init ] --END-- [ RunTime:0.000422s ]
INFO: [ app_begin ] --START--
INFO: Run Behavior\ReadHtmlCacheBehavior [ RunTime:0.000544s ]
INFO: [ app_begin ] --END-- [ RunTime:0.000586s ]
ERR: 参数错误或者未定义:username

[ 2017-06-06T10:36:01+08:00 ] 192.168.201.80 /wechat/index.php/Home/User/login/
INFO: [ app_init ] --START--
INFO: Run Behavior\BuildLiteBehavior [ RunTime:0.000013s ]
INFO: [ app_init ] --END-- [ RunTime:0.000523s ]
INFO: [ app_begin ] --START--
INFO: Run Behavior\ReadHtmlCacheBehavior [ RunTime:0.000597s ]
INFO: [ app_begin ] --END-- [ RunTime:0.000648s ]
SQL: SHOW COLUMNS FROM `user` [ RunTime:0.0033s ]
SQL: SELECT `id` FROM `user` ORDER BY id desc LIMIT 1   [ RunTime:0.0003s ]
SQL: SELECT * FROM `user` WHERE `username` = 'hjh' LIMIT 1   [ RunTime:0.0002s ]
SQL: SELECT * FROM `user` WHERE `username` = 'hjh' AND `password` = '202cb962ac59075b964b07152d234b70' LIMIT 1   [ RunTime:0.0002s ]
INFO: [ app_end ] --START--
INFO: Run Behavior\ShowPageTraceBehavior [ RunTime:0.000638s ]
INFO: [ app_end ] --END-- [ RunTime:0.000697s ]

[ 2017-06-06T10:36:04+08:00 ] 192.168.201.80 /wechat/index.php/Home/User/login/
INFO: [ app_init ] --START--
INFO: Run Behavior\BuildLiteBehavior [ RunTime:0.000013s ]
INFO: [ app_init ] --END-- [ RunTime:0.000483s ]
INFO: [ app_begin ] --START--
INFO: Run Behavior\ReadHtmlCacheBehavior [ RunTime:0.000467s ]
INFO: [ app_begin ] --END-- [ RunTime:0.000511s ]
ERR: 参数错误或者未定义:username

[ 2017-06-06T10:39:12+08:00 ] 192.168.201.80 /wechat/index.php/Home/User/getFriends/
INFO: [ app_init ] --START--
INFO: Run Behavior\BuildLiteBehavior [ RunTime:0.000011s ]
INFO: [ app_init ] --END-- [ RunTime:0.000381s ]
INFO: [ app_begin ] --START--
INFO: Run Behavior\ReadHtmlCacheBehavior [ RunTime:0.000520s ]
INFO: [ app_begin ] --END-- [ RunTime:0.000564s ]
SQL: SHOW COLUMNS FROM `friends` [ RunTime:0.0029s ]
SQL: SHOW COLUMNS FROM `friends` [ RunTime:0.0026s ]
SQL: SELECT `frename` FROM `friends` WHERE `userid` = '000001'  [ RunTime:0.0003s ]
SQL: SELECT `username` FROM `friends` WHERE `freid` = '000001'  [ RunTime:0.0002s ]
INFO: [ app_end ] --START--
INFO: Run Behavior\ShowPageTraceBehavior [ RunTime:0.000559s ]
INFO: [ app_end ] --END-- [ RunTime:0.000609s ]

[ 2017-06-06T10:42:34+08:00 ] ::1 /wechat/index.php/Home/User/getShare/userid/000001
INFO: [ app_init ] --START--
INFO: Run Behavior\BuildLiteBehavior [ RunTime:0.000024s ]
INFO: [ app_init ] --END-- [ RunTime:0.000950s ]
INFO: [ app_begin ] --START--
INFO: Run Behavior\ReadHtmlCacheBehavior [ RunTime:0.001399s ]
INFO: [ app_begin ] --END-- [ RunTime:0.001509s ]
SQL: SHOW COLUMNS FROM `friends` [ RunTime:0.0075s ]
SQL: SHOW COLUMNS FROM `friends` [ RunTime:0.0062s ]
SQL: SELECT `freid` FROM `friends` WHERE `userid` = '000001'  [ RunTime:0.0007s ]
SQL: SELECT `userid` FROM `friends` WHERE `freid` = '000001'  [ RunTime:0.0005s ]
INFO: [ app_end ] --START--
INFO: Run Behavior\ShowPageTraceBehavior [ RunTime:0.002096s ]
INFO: [ app_end ] --END-- [ RunTime:0.002292s ]

[ 2017-06-06T10:44:33+08:00 ] ::1 /wechat/index.php/Home/User/getShare/userid/000001
INFO: [ app_init ] --START--
INFO: Run Behavior\BuildLiteBehavior [ RunTime:0.000013s ]
INFO: [ app_init ] --END-- [ RunTime:0.000856s ]
INFO: [ app_begin ] --START--
INFO: Run Behavior\ReadHtmlCacheBehavior [ RunTime:0.000649s ]
INFO: [ app_begin ] --END-- [ RunTime:0.000696s ]
SQL: SHOW COLUMNS FROM `friends` [ RunTime:0.0035s ]
SQL: SHOW COLUMNS FROM `friends` [ RunTime:0.0035s ]
SQL: SELECT `freid` FROM `friends` WHERE `userid` = '000001'  [ RunTime:0.0003s ]
SQL: SELECT `userid` FROM `friends` WHERE `freid` = '000001'  [ RunTime:0.0002s ]
INFO: [ app_end ] --START--
INFO: Run Behavior\ShowPageTraceBehavior [ RunTime:0.000748s ]
INFO: [ app_end ] --END-- [ RunTime:0.000790s ]

[ 2017-06-06T10:46:32+08:00 ] ::1 /wechat/index.php/Home/User/getShare/userid/000001
INFO: [ app_init ] --START--
INFO: Run Behavior\BuildLiteBehavior [ RunTime:0.000012s ]
INFO: [ app_init ] --END-- [ RunTime:0.000399s ]
INFO: [ app_begin ] --START--
INFO: Run Behavior\ReadHtmlCacheBehavior [ RunTime:0.000624s ]
INFO: [ app_begin ] --END-- [ RunTime:0.000685s ]
SQL: SHOW COLUMNS FROM `friends` [ RunTime:0.0042s ]
SQL: SHOW COLUMNS FROM `friends` [ RunTime:0.0035s ]
SQL: SELECT `freid` FROM `friends` WHERE `userid` = '000001'  [ RunTime:0.0003s ]
SQL: SELECT `userid` FROM `friends` WHERE `freid` = '000001'  [ RunTime:0.0002s ]
SQL: SHOW COLUMNS FROM `moment` [ RunTime:0.0817s ]
NOTIC: [8] Undefined variable: data D:\xampp\htdocs\wechat\Application\Home\Controller\UserController.class.php 第 91 行.
SQL: SELECT * FROM `moment`  [ RunTime:0.0094s ]
INFO: [ app_end ] --START--
INFO: Run Behavior\ShowPageTraceBehavior [ RunTime:0.001788s ]
INFO: [ app_end ] --END-- [ RunTime:0.001926s ]

[ 2017-06-06T10:46:59+08:00 ] ::1 /wechat/index.php/Home/User/getShare/userid/000001
INFO: [ app_init ] --START--
INFO: Run Behavior\BuildLiteBehavior [ RunTime:0.000013s ]
INFO: [ app_init ] --END-- [ RunTime:0.000561s ]
INFO: [ app_begin ] --START--
INFO: Run Behavior\ReadHtmlCacheBehavior [ RunTime:0.000655s ]
INFO: [ app_begin ] --END-- [ RunTime:0.000704s ]
SQL: SHOW COLUMNS FROM `friends` [ RunTime:0.0033s ]
SQL: SHOW COLUMNS FROM `friends` [ RunTime:0.0028s ]
SQL: SELECT `freid` FROM `friends` WHERE `userid` = '000001'  [ RunTime:0.0014s ]
SQL: SELECT `userid` FROM `friends` WHERE `freid` = '000001'  [ RunTime:0.0004s ]
SQL: SHOW COLUMNS FROM `moment` [ RunTime:0.0040s ]
NOTIC: [8] Undefined variable: data D:\xampp\htdocs\wechat\Application\Home\Controller\UserController.class.php 第 91 行.
SQL: SELECT * FROM `moment`  [ RunTime:0.0003s ]
INFO: [ app_end ] --START--
INFO: Run Behavior\ShowPageTraceBehavior [ RunTime:0.000748s ]
INFO: [ app_end ] --END-- [ RunTime:0.000789s ]

[ 2017-06-06T10:47:20+08:00 ] ::1 /wechat/index.php/Home/User/getShare/userid/000001
INFO: [ app_init ] --START--
INFO: Run Behavior\BuildLiteBehavior [ RunTime:0.000015s ]
INFO: [ app_init ] --END-- [ RunTime:0.000544s ]
INFO: [ app_begin ] --START--
INFO: Run Behavior\ReadHtmlCacheBehavior [ RunTime:0.000724s ]
INFO: [ app_begin ] --END-- [ RunTime:0.000785s ]
SQL: SHOW COLUMNS FROM `friends` [ RunTime:0.0039s ]
SQL: SHOW COLUMNS FROM `friends` [ RunTime:0.0062s ]
SQL: SELECT `freid` FROM `friends` WHERE `userid` = '000001'  [ RunTime:0.0005s ]
SQL: SELECT `userid` FROM `friends` WHERE `freid` = '000001'  [ RunTime:0.0004s ]
SQL: SHOW COLUMNS FROM `moment` [ RunTime:0.0044s ]
NOTIC: [8] Undefined variable: data D:\xampp\htdocs\wechat\Application\Home\Controller\UserController.class.php 第 91 行.
SQL: SELECT * FROM `moment`  [ RunTime:0.0005s ]
INFO: [ app_end ] --START--
INFO: Run Behavior\ShowPageTraceBehavior [ RunTime:0.001191s ]
INFO: [ app_end ] --END-- [ RunTime:0.001273s ]

[ 2017-06-06T10:48:35+08:00 ] ::1 /wechat/index.php/Home/User/getShare/userid/000001
INFO: [ app_init ] --START--
INFO: Run Behavior\BuildLiteBehavior [ RunTime:0.000011s ]
INFO: [ app_init ] --END-- [ RunTime:0.000431s ]
INFO: [ app_begin ] --START--
INFO: Run Behavior\ReadHtmlCacheBehavior [ RunTime:0.000492s ]
INFO: [ app_begin ] --END-- [ RunTime:0.000539s ]
SQL: SHOW COLUMNS FROM `friends` [ RunTime:0.0042s ]
SQL: SHOW COLUMNS FROM `friends` [ RunTime:0.0027s ]
SQL: SELECT `freid` FROM `friends` WHERE `userid` = '000001'  [ RunTime:0.0003s ]
SQL: SELECT `userid` FROM `friends` WHERE `freid` = '000001'  [ RunTime:0.0002s ]
SQL: SHOW COLUMNS FROM `moment` [ RunTime:0.0024s ]
NOTIC: [8] Undefined variable: data D:\xampp\htdocs\wechat\Application\Home\Controller\UserController.class.php 第 91 行.
SQL: SELECT * FROM `moment`  [ RunTime:0.0002s ]
INFO: [ app_end ] --START--
INFO: Run Behavior\ShowPageTraceBehavior [ RunTime:0.000558s ]
INFO: [ app_end ] --END-- [ RunTime:0.000594s ]

[ 2017-06-06T10:48:41+08:00 ] ::1 /wechat/index.php/Home/User/getShare/userid/000001
INFO: [ app_init ] --START--
INFO: Run Behavior\BuildLiteBehavior [ RunTime:0.000013s ]
INFO: [ app_init ] --END-- [ RunTime:0.000411s ]
INFO: [ app_begin ] --START--
INFO: Run Behavior\ReadHtmlCacheBehavior [ RunTime:0.000753s ]
INFO: [ app_begin ] --END-- [ RunTime:0.000830s ]
SQL: SHOW COLUMNS FROM `friends` [ RunTime:0.0040s ]
SQL: SHOW COLUMNS FROM `friends` [ RunTime:0.0029s ]
SQL: SELECT `freid` FROM `friends` WHERE `userid` = '000001'  [ RunTime:0.0004s ]
SQL: SELECT `userid` FROM `friends` WHERE `freid` = '000001'  [ RunTime:0.0003s ]
SQL: SHOW COLUMNS FROM `moment` [ RunTime:0.0039s ]
NOTIC: [8] Undefined variable: data D:\xampp\htdocs\wechat\Application\Home\Controller\UserController.class.php 第 91 行.
SQL: SELECT * FROM `moment`  [ RunTime:0.0003s ]
INFO: [ app_end ] --START--
INFO: Run Behavior\ShowPageTraceBehavior [ RunTime:0.000621s ]
INFO: [ app_end ] --END-- [ RunTime:0.000663s ]

[ 2017-06-06T10:49:06+08:00 ] ::1 /wechat/index.php/Home/User/getShare/userid/000001
INFO: [ app_init ] --START--
INFO: Run Behavior\BuildLiteBehavior [ RunTime:0.000016s ]
INFO: [ app_init ] --END-- [ RunTime:0.000527s ]
INFO: [ app_begin ] --START--
INFO: Run Behavior\ReadHtmlCacheBehavior [ RunTime:0.000663s ]
INFO: [ app_begin ] --END-- [ RunTime:0.000715s ]
SQL: SHOW COLUMNS FROM `friends` [ RunTime:0.0032s ]
SQL: SHOW COLUMNS FROM `friends` [ RunTime:0.0028s ]
SQL: SELECT `freid` FROM `friends` WHERE `userid` = '000001'  [ RunTime:0.0003s ]
SQL: SELECT `userid` FROM `friends` WHERE `freid` = '000001'  [ RunTime:0.0002s ]
SQL: SHOW COLUMNS FROM `moment` [ RunTime:0.0041s ]
NOTIC: [8] Undefined variable: data D:\xampp\htdocs\wechat\Application\Home\Controller\UserController.class.php 第 91 行.
SQL: SELECT * FROM `moment`  [ RunTime:0.0003s ]
INFO: [ app_end ] --START--
INFO: Run Behavior\ShowPageTraceBehavior [ RunTime:0.000682s ]
INFO: [ app_end ] --END-- [ RunTime:0.000727s ]

[ 2017-06-06T10:49:30+08:00 ] ::1 /wechat/index.php/Home/User/getShare/userid/000001
INFO: [ app_init ] --START--
INFO: Run Behavior\BuildLiteBehavior [ RunTime:0.000011s ]
INFO: [ app_init ] --END-- [ RunTime:0.000526s ]
INFO: [ app_begin ] --START--
INFO: Run Behavior\ReadHtmlCacheBehavior [ RunTime:0.000581s ]
INFO: [ app_begin ] --END-- [ RunTime:0.000627s ]
SQL: SHOW COLUMNS FROM `friends` [ RunTime:0.0031s ]
SQL: SHOW COLUMNS FROM `friends` [ RunTime:0.0028s ]
SQL: SELECT `freid` FROM `friends` WHERE `userid` = '000001'  [ RunTime:0.0003s ]
SQL: SELECT `userid` FROM `friends` WHERE `freid` = '000001'  [ RunTime:0.0002s ]
SQL: SHOW COLUMNS FROM `moment` [ RunTime:0.0036s ]
NOTIC: [8] Undefined variable: data D:\xampp\htdocs\wechat\Application\Home\Controller\UserController.class.php 第 91 行.
SQL: SELECT * FROM `moment`  [ RunTime:0.0003s ]
INFO: [ app_end ] --START--
INFO: Run Behavior\ShowPageTraceBehavior [ RunTime:0.000748s ]
INFO: [ app_end ] --END-- [ RunTime:0.000789s ]

[ 2017-06-06T10:50:03+08:00 ] ::1 /wechat/index.php/Home/User/getShare/userid/000001
INFO: [ app_init ] --START--
INFO: Run Behavior\BuildLiteBehavior [ RunTime:0.000012s ]
INFO: [ app_init ] --END-- [ RunTime:0.000419s ]
INFO: [ app_begin ] --START--
INFO: Run Behavior\ReadHtmlCacheBehavior [ RunTime:0.000468s ]
INFO: [ app_begin ] --END-- [ RunTime:0.000504s ]
SQL: SHOW COLUMNS FROM `friends` [ RunTime:0.0033s ]
SQL: SHOW COLUMNS FROM `friends` [ RunTime:0.0025s ]
SQL: SELECT `freid` FROM `friends` WHERE `userid` = '000001'  [ RunTime:0.0003s ]
SQL: SELECT `userid` FROM `friends` WHERE `freid` = '000001'  [ RunTime:0.0002s ]
SQL: SHOW COLUMNS FROM `moment` [ RunTime:0.0032s ]
NOTIC: [8] Undefined variable: data D:\xampp\htdocs\wechat\Application\Home\Controller\UserController.class.php 第 91 行.
SQL: SELECT * FROM `moment`  [ RunTime:0.0004s ]
INFO: [ app_end ] --START--
INFO: Run Behavior\ShowPageTraceBehavior [ RunTime:0.000803s ]
INFO: [ app_end ] --END-- [ RunTime:0.000847s ]

[ 2017-06-06T10:50:27+08:00 ] ::1 /wechat/index.php/Home/User/getShare/userid/000001
INFO: [ app_init ] --START--
INFO: Run Behavior\BuildLiteBehavior [ RunTime:0.000012s ]
INFO: [ app_init ] --END-- [ RunTime:0.000413s ]
INFO: [ app_begin ] --START--
INFO: Run Behavior\ReadHtmlCacheBehavior [ RunTime:0.000581s ]
INFO: [ app_begin ] --END-- [ RunTime:0.000657s ]
SQL: SHOW COLUMNS FROM `friends` [ RunTime:0.0033s ]
SQL: SHOW COLUMNS FROM `friends` [ RunTime:0.0028s ]
SQL: SELECT `freid` FROM `friends` WHERE `userid` = '000001'  [ RunTime:0.0004s ]
SQL: SELECT `userid` FROM `friends` WHERE `freid` = '000001'  [ RunTime:0.0003s ]
SQL: SHOW COLUMNS FROM `moment` [ RunTime:0.0026s ]
NOTIC: [8] Undefined variable: data D:\xampp\htdocs\wechat\Application\Home\Controller\UserController.class.php 第 91 行.
SQL: SELECT * FROM `moment`  [ RunTime:0.0003s ]
INFO: [ app_end ] --START--
INFO: Run Behavior\ShowPageTraceBehavior [ RunTime:0.000532s ]
INFO: [ app_end ] --END-- [ RunTime:0.000568s ]

[ 2017-06-06T10:50:48+08:00 ] ::1 /wechat/index.php/Home/User/getShare/userid/000001
INFO: [ app_init ] --START--
INFO: Run Behavior\BuildLiteBehavior [ RunTime:0.000010s ]
INFO: [ app_init ] --END-- [ RunTime:0.000410s ]
INFO: [ app_begin ] --START--
INFO: Run Behavior\ReadHtmlCacheBehavior [ RunTime:0.000489s ]
INFO: [ app_begin ] --END-- [ RunTime:0.000533s ]
SQL: SHOW COLUMNS FROM `friends` [ RunTime:0.0032s ]
SQL: SHOW COLUMNS FROM `friends` [ RunTime:0.0026s ]
SQL: SELECT `freid` FROM `friends` WHERE `userid` = '000001'  [ RunTime:0.0003s ]
SQL: SELECT `userid` FROM `friends` WHERE `freid` = '000001'  [ RunTime:0.0002s ]
SQL: SHOW COLUMNS FROM `moment` [ RunTime:0.0031s ]
NOTIC: [8] Undefined variable: data D:\xampp\htdocs\wechat\Application\Home\Controller\UserController.class.php 第 91 行.
SQL: SELECT * FROM `moment`  [ RunTime:0.0003s ]
NOTIC: [8] Undefined index: freid D:\xampp\htdocs\wechat\Application\Home\Controller\UserController.class.php 第 103 行.
INFO: [ app_end ] --START--
INFO: Run Behavior\ShowPageTraceBehavior [ RunTime:0.000546s ]
INFO: [ app_end ] --END-- [ RunTime:0.000578s ]

[ 2017-06-06T10:51:06+08:00 ] ::1 /wechat/index.php/Home/User/getShare/userid/000001
INFO: [ app_init ] --START--
INFO: Run Behavior\BuildLiteBehavior [ RunTime:0.000011s ]
INFO: [ app_init ] --END-- [ RunTime:0.000444s ]
INFO: [ app_begin ] --START--
INFO: Run Behavior\ReadHtmlCacheBehavior [ RunTime:0.000458s ]
INFO: [ app_begin ] --END-- [ RunTime:0.000509s ]
SQL: SHOW COLUMNS FROM `friends` [ RunTime:0.0033s ]
SQL: SHOW COLUMNS FROM `friends` [ RunTime:0.0035s ]
SQL: SELECT `freid` FROM `friends` WHERE `userid` = '000001'  [ RunTime:0.0003s ]
SQL: SELECT `userid` FROM `friends` WHERE `freid` = '000001'  [ RunTime:0.0002s ]
SQL: SHOW COLUMNS FROM `moment` [ RunTime:0.0037s ]
NOTIC: [8] Undefined variable: data D:\xampp\htdocs\wechat\Application\Home\Controller\UserController.class.php 第 91 行.
SQL: SELECT * FROM `moment`  [ RunTime:0.0003s ]
INFO: [ app_end ] --START--
INFO: Run Behavior\ShowPageTraceBehavior [ RunTime:0.000568s ]
INFO: [ app_end ] --END-- [ RunTime:0.000608s ]

[ 2017-06-06T10:52:12+08:00 ] ::1 /wechat/index.php/Home/User/getShare/userid/000001
INFO: [ app_init ] --START--
INFO: Run Behavior\BuildLiteBehavior [ RunTime:0.000012s ]
INFO: [ app_init ] --END-- [ RunTime:0.000446s ]
INFO: [ app_begin ] --START--
INFO: Run Behavior\ReadHtmlCacheBehavior [ RunTime:0.000655s ]
INFO: [ app_begin ] --END-- [ RunTime:0.000705s ]
SQL: SHOW COLUMNS FROM `friends` [ RunTime:0.0397s ]
SQL: SHOW COLUMNS FROM `friends` [ RunTime:0.0025s ]
SQL: SELECT `freid` FROM `friends` WHERE `userid` = '000001'  [ RunTime:0.0003s ]
SQL: SELECT `userid` FROM `friends` WHERE `freid` = '000001'  [ RunTime:0.0002s ]
SQL: SHOW COLUMNS FROM `moment` [ RunTime:0.0042s ]
SQL: select * from `moment` where userid= '000001' or userid='000002' or userid='000004' or userid='000006' or userid='000003' [ RunTime:0.0580s ]
INFO: [ app_end ] --START--
INFO: Run Behavior\ShowPageTraceBehavior [ RunTime:0.000729s ]
INFO: [ app_end ] --END-- [ RunTime:0.000770s ]

[ 2017-06-06T10:52:58+08:00 ] ::1 /wechat/index.php/Home/User/getShare/userid/000001
INFO: [ app_init ] --START--
INFO: Run Behavior\BuildLiteBehavior [ RunTime:0.000012s ]
INFO: [ app_init ] --END-- [ RunTime:0.000503s ]
INFO: [ app_begin ] --START--
INFO: Run Behavior\ReadHtmlCacheBehavior [ RunTime:0.000640s ]
INFO: [ app_begin ] --END-- [ RunTime:0.000685s ]
SQL: SHOW COLUMNS FROM `friends` [ RunTime:0.0033s ]
SQL: SHOW COLUMNS FROM `friends` [ RunTime:0.0029s ]
SQL: SELECT `freid` FROM `friends` WHERE `userid` = '000001'  [ RunTime:0.0003s ]
SQL: SELECT `userid` FROM `friends` WHERE `freid` = '000001'  [ RunTime:0.0003s ]
SQL: SHOW COLUMNS FROM `moment` [ RunTime:0.0046s ]
SQL: select * from `moment` where userid= '000001' or userid='000002' or userid='000004' or userid='000006' or userid='000003' order by time desc [ RunTime:0.0633s ]
INFO: [ app_end ] --START--
INFO: Run Behavior\ShowPageTraceBehavior [ RunTime:0.001110s ]
INFO: [ app_end ] --END-- [ RunTime:0.001168s ]

[ 2017-06-06T10:55:36+08:00 ] ::1 /wechat/index.php/Home/User/getShare/userid/000001
INFO: [ app_init ] --START--
INFO: Run Behavior\BuildLiteBehavior [ RunTime:0.000012s ]
INFO: [ app_init ] --END-- [ RunTime:0.000418s ]
INFO: [ app_begin ] --START--
INFO: Run Behavior\ReadHtmlCacheBehavior [ RunTime:0.000536s ]
INFO: [ app_begin ] --END-- [ RunTime:0.000579s ]
SQL: SHOW COLUMNS FROM `moment` [ RunTime:0.0028s ]
SQL: SHOW COLUMNS FROM `friends` [ RunTime:0.0028s ]
SQL: SHOW COLUMNS FROM `friends` [ RunTime:0.0030s ]
SQL: SELECT `freid` FROM `friends` WHERE `userid` = '000001'  [ RunTime:0.0003s ]
SQL: SELECT `userid` FROM `friends` WHERE `freid` = '000001'  [ RunTime:0.0002s ]
SQL: select * from `moment` where userid= '000001' or userid='000002' or userid='000004' or userid='000006' or userid='000003' order by time desc [ RunTime:0.0003s ]
INFO: [ app_end ] --START--
INFO: Run Behavior\ShowPageTraceBehavior [ RunTime:0.000773s ]
INFO: [ app_end ] --END-- [ RunTime:0.000814s ]

[ 2017-06-06T10:56:20+08:00 ] ::1 /wechat/index.php/Home/User/getShare/userid/000001
INFO: [ app_init ] --START--
INFO: Run Behavior\BuildLiteBehavior [ RunTime:0.000016s ]
INFO: [ app_init ] --END-- [ RunTime:0.000472s ]
INFO: [ app_begin ] --START--
INFO: Run Behavior\ReadHtmlCacheBehavior [ RunTime:0.000705s ]
INFO: [ app_begin ] --END-- [ RunTime:0.000753s ]
SQL: SHOW COLUMNS FROM `moment` [ RunTime:0.0036s ]
SQL: SHOW COLUMNS FROM `friends` [ RunTime:0.0028s ]
SQL: SHOW COLUMNS FROM `friends` [ RunTime:0.0036s ]
SQL: SELECT `freid` FROM `friends` WHERE `userid` = '000001'  [ RunTime:0.0003s ]
SQL: SELECT `userid` FROM `friends` WHERE `freid` = '000001'  [ RunTime:0.0002s ]
SQL: select * from `moment` where userid= '000001' or userid='000002' or userid='000004' or userid='000006' or userid='000003' order by time desc [ RunTime:0.0003s ]
INFO: [ app_end ] --START--
INFO: Run Behavior\ShowPageTraceBehavior [ RunTime:0.000532s ]
INFO: [ app_end ] --END-- [ RunTime:0.000573s ]

[ 2017-06-06T11:11:16+08:00 ] ::1 /wechat/index.php/Home/User/test
INFO: [ app_init ] --START--
INFO: Run Behavior\BuildLiteBehavior [ RunTime:0.000018s ]
INFO: [ app_init ] --END-- [ RunTime:0.000618s ]
INFO: [ app_begin ] --START--
INFO: Run Behavior\ReadHtmlCacheBehavior [ RunTime:0.000884s ]
INFO: [ app_begin ] --END-- [ RunTime:0.000949s ]
SQL: SHOW COLUMNS FROM `friends` [ RunTime:0.0089s ]
SQL: SELECT `id` FROM `friends` ORDER BY id desc LIMIT 1   [ RunTime:0.0002s ]
INFO: [ app_end ] --START--
INFO: Run Behavior\ShowPageTraceBehavior [ RunTime:0.000783s ]
INFO: [ app_end ] --END-- [ RunTime:0.000818s ]

[ 2017-06-06T11:11:31+08:00 ] ::1 /wechat/index.php/Home/User/test
INFO: [ app_init ] --START--
INFO: Run Behavior\BuildLiteBehavior [ RunTime:0.000017s ]
INFO: [ app_init ] --END-- [ RunTime:0.000613s ]
INFO: [ app_begin ] --START--
INFO: Run Behavior\ReadHtmlCacheBehavior [ RunTime:0.001205s ]
INFO: [ app_begin ] --END-- [ RunTime:0.001267s ]
SQL: SHOW COLUMNS FROM `friends` [ RunTime:0.0037s ]
SQL: SELECT `id` FROM `friends` ORDER BY id desc LIMIT 1   [ RunTime:0.0003s ]
INFO: [ app_end ] --START--
INFO: Run Behavior\ShowPageTraceBehavior [ RunTime:0.000805s ]
INFO: [ app_end ] --END-- [ RunTime:0.000851s ]

[ 2017-06-06T11:11:48+08:00 ] ::1 /wechat/index.php/Home/User/test
INFO: [ app_init ] --START--
INFO: Run Behavior\BuildLiteBehavior [ RunTime:0.000019s ]
INFO: [ app_init ] --END-- [ RunTime:0.000754s ]
INFO: [ app_begin ] --START--
INFO: Run Behavior\ReadHtmlCacheBehavior [ RunTime:0.000916s ]
INFO: [ app_begin ] --END-- [ RunTime:0.000995s ]
SQL: SHOW COLUMNS FROM `friends` [ RunTime:0.0043s ]
SQL: SELECT `id` FROM `friends` ORDER BY id desc LIMIT 1   [ RunTime:0.0004s ]
INFO: [ app_end ] --START--
INFO: Run Behavior\ShowPageTraceBehavior [ RunTime:0.001014s ]
INFO: [ app_end ] --END-- [ RunTime:0.001066s ]

[ 2017-06-06T11:13:12+08:00 ] ::1 /wechat/index.php/Home/User/addFriend/userid/000002/friendid/000004
INFO: [ app_init ] --START--
INFO: Run Behavior\BuildLiteBehavior [ RunTime:0.000021s ]
INFO: [ app_init ] --END-- [ RunTime:0.000652s ]
INFO: [ app_begin ] --START--
INFO: Run Behavior\ReadHtmlCacheBehavior [ RunTime:0.000845s ]
INFO: [ app_begin ] --END-- [ RunTime:0.000906s ]
SQL: SHOW COLUMNS FROM `friends` [ RunTime:0.0036s ]
SQL: SHOW COLUMNS FROM `friends` [ RunTime:0.0035s ]
SQL: select * from `friends` where userid='000002'and freid='000004'  [ RunTime:0.0003s ]
SQL: SHOW COLUMNS FROM `friends` [ RunTime:0.0048s ]
SQL: select * from `friends` where userid='000004'and freid='000002'  [ RunTime:0.0003s ]
SQL: SHOW COLUMNS FROM `user` [ RunTime:0.0044s ]
SQL: SELECT `id` FROM `user` ORDER BY id desc LIMIT 1   [ RunTime:0.0003s ]
SQL: SELECT * FROM `user` WHERE `userid` = '000002' LIMIT 1   [ RunTime:0.0002s ]
SQL: SELECT * FROM `user` WHERE `userid` = '000004' LIMIT 1   [ RunTime:0.0002s ]
SQL: SHOW COLUMNS FROM `friends` [ RunTime:0.0034s ]
SQL: SELECT `id` FROM `friends` ORDER BY id desc LIMIT 1   [ RunTime:0.0003s ]
SQL: INSERT INTO `friends` (`id`,`userid`,`username`,`freid`,`frename`) VALUES ('5','000002','zzz','000004','ad') [ RunTime:0.3079s ]
INFO: [ app_end ] --START--
INFO: Run Behavior\ShowPageTraceBehavior [ RunTime:0.001220s ]
INFO: [ app_end ] --END-- [ RunTime:0.001301s ]

[ 2017-06-06T11:22:59+08:00 ] ::1 /wechat/index.php/Home/User/getShare/userid/000001
INFO: [ app_init ] --START--
INFO: Run Behavior\BuildLiteBehavior [ RunTime:0.000011s ]
INFO: [ app_init ] --END-- [ RunTime:0.000506s ]
INFO: [ app_begin ] --START--
INFO: Run Behavior\ReadHtmlCacheBehavior [ RunTime:0.000883s ]
INFO: [ app_begin ] --END-- [ RunTime:0.000946s ]
SQL: SHOW COLUMNS FROM `moment` [ RunTime:0.0240s ]
SQL: SHOW COLUMNS FROM `friends` [ RunTime:0.0313s ]
SQL: SHOW COLUMNS FROM `friends` [ RunTime:0.0420s ]
SQL: SELECT `frename` FROM `friends` WHERE `userid` = '000001'  [ RunTime:0.0003s ]
SQL: SELECT `username` FROM `friends` WHERE `freid` = '000001'  [ RunTime:0.0002s ]
SQL: select * from `moment` where username= '000001' or username='zzz' or username='ad' or username='la' order by time desc [ RunTime:0.0002s ]
INFO: [ app_end ] --START--
INFO: Run Behavior\ShowPageTraceBehavior [ RunTime:0.000648s ]
INFO: [ app_end ] --END-- [ RunTime:0.000691s ]

[ 2017-06-06T11:25:12+08:00 ] ::1 /wechat/index.php/Home/User/getShare/userid/000001
INFO: [ app_init ] --START--
INFO: Run Behavior\BuildLiteBehavior [ RunTime:0.000011s ]
INFO: [ app_init ] --END-- [ RunTime:0.000418s ]
INFO: [ app_begin ] --START--
INFO: Run Behavior\ReadHtmlCacheBehavior [ RunTime:0.000657s ]
INFO: [ app_begin ] --END-- [ RunTime:0.000709s ]
SQL: SHOW COLUMNS FROM `moment` [ RunTime:0.0046s ]
SQL: SHOW COLUMNS FROM `friends` [ RunTime:0.0030s ]
SQL: SHOW COLUMNS FROM `friends` [ RunTime:0.0028s ]
SQL: SELECT `frename` FROM `friends` WHERE `userid` = '000001'  [ RunTime:0.0003s ]
SQL: SELECT `username` FROM `friends` WHERE `freid` = '000001'  [ RunTime:0.0001s ]
SQL: SHOW COLUMNS FROM `user` [ RunTime:0.0037s ]
SQL: SELECT `id` FROM `user` ORDER BY id desc LIMIT 1   [ RunTime:0.0008s ]
SQL: SELECT * FROM `user` WHERE `userid` = '000001' LIMIT 1   [ RunTime:0.0005s ]
SQL: select * from `moment` where username= 'hjh' or username='zzz' or username='ad' or username='la' order by time desc [ RunTime:0.0005s ]
INFO: [ app_end ] --START--
INFO: Run Behavior\ShowPageTraceBehavior [ RunTime:0.000606s ]
INFO: [ app_end ] --END-- [ RunTime:0.000660s ]

[ 2017-06-06T11:28:36+08:00 ] 192.168.201.80 /wechat/index.php/Home/User/login/
INFO: [ app_init ] --START--
INFO: Run Behavior\BuildLiteBehavior [ RunTime:0.000023s ]
INFO: [ app_init ] --END-- [ RunTime:0.000642s ]
INFO: [ app_begin ] --START--
INFO: Run Behavior\ReadHtmlCacheBehavior [ RunTime:0.000647s ]
INFO: [ app_begin ] --END-- [ RunTime:0.000691s ]
SQL: SHOW COLUMNS FROM `user` [ RunTime:0.0045s ]
SQL: SELECT `id` FROM `user` ORDER BY id desc LIMIT 1   [ RunTime:0.0003s ]
SQL: SELECT * FROM `user` WHERE `username` = 'hjh' LIMIT 1   [ RunTime:0.0002s ]
SQL: SELECT * FROM `user` WHERE `username` = 'hjh' AND `password` = '202cb962ac59075b964b07152d234b70' LIMIT 1   [ RunTime:0.0002s ]
INFO: [ app_end ] --START--
INFO: Run Behavior\ShowPageTraceBehavior [ RunTime:0.001392s ]
INFO: [ app_end ] --END-- [ RunTime:0.001527s ]

[ 2017-06-06T11:28:40+08:00 ] 192.168.201.80 /wechat/index.php/Home/User/getShare/
INFO: [ app_init ] --START--
INFO: Run Behavior\BuildLiteBehavior [ RunTime:0.000014s ]
INFO: [ app_init ] --END-- [ RunTime:0.000452s ]
INFO: [ app_begin ] --START--
INFO: Run Behavior\ReadHtmlCacheBehavior [ RunTime:0.000750s ]
INFO: [ app_begin ] --END-- [ RunTime:0.000800s ]
SQL: SHOW COLUMNS FROM `moment` [ RunTime:0.0034s ]
SQL: SHOW COLUMNS FROM `friends` [ RunTime:0.0034s ]
SQL: SHOW COLUMNS FROM `friends` [ RunTime:0.0037s ]
SQL: SELECT `frename` FROM `friends` WHERE `userid` = '000001'  [ RunTime:0.0003s ]
SQL: SELECT `username` FROM `friends` WHERE `freid` = '000001'  [ RunTime:0.0002s ]
SQL: SHOW COLUMNS FROM `user` [ RunTime:0.0053s ]
SQL: SELECT `id` FROM `user` ORDER BY id desc LIMIT 1   [ RunTime:0.0003s ]
SQL: SELECT * FROM `user` WHERE `userid` = '000001' LIMIT 1   [ RunTime:0.0003s ]
SQL: select * from `moment` where username= 'hjh' or username='zzz' or username='ad' or username='la' order by time desc [ RunTime:0.0003s ]
INFO: [ app_end ] --START--
INFO: Run Behavior\ShowPageTraceBehavior [ RunTime:0.000699s ]
INFO: [ app_end ] --END-- [ RunTime:0.000748s ]

[ 2017-06-06T11:32:15+08:00 ] 192.168.201.80 /wechat/index.php/Home/User/login/
INFO: [ app_init ] --START--
INFO: Run Behavior\BuildLiteBehavior [ RunTime:0.000015s ]
INFO: [ app_init ] --END-- [ RunTime:0.000589s ]
INFO: [ app_begin ] --START--
INFO: Run Behavior\ReadHtmlCacheBehavior [ RunTime:0.000732s ]
INFO: [ app_begin ] --END-- [ RunTime:0.000774s ]
SQL: SHOW COLUMNS FROM `user` [ RunTime:0.0032s ]
SQL: SELECT `id` FROM `user` ORDER BY id desc LIMIT 1   [ RunTime:0.0002s ]
SQL: SELECT * FROM `user` WHERE `username` = 'hjh' LIMIT 1   [ RunTime:0.0002s ]
SQL: SELECT * FROM `user` WHERE `username` = 'hjh' AND `password` = '202cb962ac59075b964b07152d234b70' LIMIT 1   [ RunTime:0.0002s ]
INFO: [ app_end ] --START--
INFO: Run Behavior\ShowPageTraceBehavior [ RunTime:0.000683s ]
INFO: [ app_end ] --END-- [ RunTime:0.000749s ]

[ 2017-06-06T11:32:19+08:00 ] 192.168.201.80 /wechat/index.php/Home/User/getShare/
INFO: [ app_init ] --START--
INFO: Run Behavior\BuildLiteBehavior [ RunTime:0.000017s ]
INFO: [ app_init ] --END-- [ RunTime:0.000458s ]
INFO: [ app_begin ] --START--
INFO: Run Behavior\ReadHtmlCacheBehavior [ RunTime:0.000956s ]
INFO: [ app_begin ] --END-- [ RunTime:0.001037s ]
SQL: SHOW COLUMNS FROM `moment` [ RunTime:0.0032s ]
SQL: SHOW COLUMNS FROM `friends` [ RunTime:0.0048s ]
SQL: SHOW COLUMNS FROM `friends` [ RunTime:0.0037s ]
SQL: SELECT `frename` FROM `friends` WHERE `userid` = '000001'  [ RunTime:0.0003s ]
SQL: SELECT `username` FROM `friends` WHERE `freid` = '000001'  [ RunTime:0.0002s ]
SQL: SHOW COLUMNS FROM `user` [ RunTime:0.0035s ]
SQL: SELECT `id` FROM `user` ORDER BY id desc LIMIT 1   [ RunTime:0.0002s ]
SQL: SELECT * FROM `user` WHERE `userid` = '000001' LIMIT 1   [ RunTime:0.0002s ]
SQL: select * from `moment` where username= 'hjh' or username='zzz' or username='ad' or username='la' order by time desc [ RunTime:0.0002s ]
INFO: [ app_end ] --START--
INFO: Run Behavior\ShowPageTraceBehavior [ RunTime:0.001243s ]
INFO: [ app_end ] --END-- [ RunTime:0.001381s ]

[ 2017-06-06T11:34:14+08:00 ] 192.168.201.80 /wechat/index.php/Home/User/login/
INFO: [ app_init ] --START--
INFO: Run Behavior\BuildLiteBehavior [ RunTime:0.000020s ]
INFO: [ app_init ] --END-- [ RunTime:0.000969s ]
INFO: [ app_begin ] --START--
INFO: Run Behavior\ReadHtmlCacheBehavior [ RunTime:0.000726s ]
INFO: [ app_begin ] --END-- [ RunTime:0.000779s ]
SQL: SHOW COLUMNS FROM `user` [ RunTime:0.0042s ]
SQL: SELECT `id` FROM `user` ORDER BY id desc LIMIT 1   [ RunTime:0.0004s ]
SQL: SELECT * FROM `user` WHERE `username` = 'hjh' LIMIT 1   [ RunTime:0.0002s ]
SQL: SELECT * FROM `user` WHERE `username` = 'hjh' AND `password` = '202cb962ac59075b964b07152d234b70' LIMIT 1   [ RunTime:0.0002s ]
INFO: [ app_end ] --START--
INFO: Run Behavior\ShowPageTraceBehavior [ RunTime:0.000659s ]
INFO: [ app_end ] --END-- [ RunTime:0.000713s ]

[ 2017-06-06T11:34:16+08:00 ] 192.168.201.80 /wechat/index.php/Home/User/getShare/
INFO: [ app_init ] --START--
INFO: Run Behavior\BuildLiteBehavior [ RunTime:0.000014s ]
INFO: [ app_init ] --END-- [ RunTime:0.000521s ]
INFO: [ app_begin ] --START--
INFO: Run Behavior\ReadHtmlCacheBehavior [ RunTime:0.000651s ]
INFO: [ app_begin ] --END-- [ RunTime:0.000695s ]
SQL: SHOW COLUMNS FROM `moment` [ RunTime:0.0031s ]
SQL: SHOW COLUMNS FROM `friends` [ RunTime:0.0030s ]
SQL: SHOW COLUMNS FROM `friends` [ RunTime:0.0047s ]
SQL: SELECT `frename` FROM `friends` WHERE `userid` = '000001'  [ RunTime:0.0003s ]
SQL: SELECT `username` FROM `friends` WHERE `freid` = '000001'  [ RunTime:0.0002s ]
SQL: SHOW COLUMNS FROM `user` [ RunTime:0.0034s ]
SQL: SELECT `id` FROM `user` ORDER BY id desc LIMIT 1   [ RunTime:0.0002s ]
SQL: SELECT * FROM `user` WHERE `userid` = '000001' LIMIT 1   [ RunTime:0.0002s ]
SQL: select * from `moment` where username= 'hjh' or username='zzz' or username='ad' or username='la' order by time desc [ RunTime:0.0003s ]
INFO: [ app_end ] --START--
INFO: Run Behavior\ShowPageTraceBehavior [ RunTime:0.000667s ]
INFO: [ app_end ] --END-- [ RunTime:0.000717s ]

[ 2017-06-06T11:40:40+08:00 ] 192.168.201.80 /wechat/index.php/Home/User/getFriends/
INFO: [ app_init ] --START--
INFO: Run Behavior\BuildLiteBehavior [ RunTime:0.000010s ]
INFO: [ app_init ] --END-- [ RunTime:0.000382s ]
INFO: [ app_begin ] --START--
INFO: Run Behavior\ReadHtmlCacheBehavior [ RunTime:0.000614s ]
INFO: [ app_begin ] --END-- [ RunTime:0.000650s ]
SQL: SHOW COLUMNS FROM `friends` [ RunTime:0.0034s ]
SQL: SHOW COLUMNS FROM `friends` [ RunTime:0.0046s ]
SQL: SELECT `frename` FROM `friends` WHERE `userid` = '000001'  [ RunTime:0.0004s ]
SQL: SELECT `username` FROM `friends` WHERE `freid` = '000001'  [ RunTime:0.0004s ]
INFO: [ app_end ] --START--
INFO: Run Behavior\ShowPageTraceBehavior [ RunTime:0.000841s ]
INFO: [ app_end ] --END-- [ RunTime:0.000900s ]

[ 2017-06-06T18:37:36+08:00 ] ::1 /wechat/index.php/Home/Public/User/default.png
INFO: [ app_init ] --START--
INFO: Run Behavior\BuildLiteBehavior [ RunTime:0.000010s ]
INFO: [ app_init ] --END-- [ RunTime:0.000531s ]

[ 2017-06-06T19:18:04+08:00 ] ::1 /wechat/index.php/Home/User/login/username/hjh/pwd/202cb962ac59075b964b07152d234b70
INFO: [ app_init ] --START--
INFO: Run Behavior\BuildLiteBehavior [ RunTime:0.000009s ]
INFO: [ app_init ] --END-- [ RunTime:0.000419s ]
INFO: [ app_begin ] --START--
INFO: Run Behavior\ReadHtmlCacheBehavior [ RunTime:0.000636s ]
INFO: [ app_begin ] --END-- [ RunTime:0.000675s ]
SQL: SHOW COLUMNS FROM `user` [ RunTime:0.0230s ]
SQL: SELECT `id` FROM `user` ORDER BY id desc LIMIT 1   [ RunTime:0.0007s ]
SQL: SELECT * FROM `user` WHERE `username` = 'hjh' LIMIT 1   [ RunTime:0.0004s ]
SQL: SELECT * FROM `user` WHERE `username` = 'hjh' AND `password` = '202cb962ac59075b964b07152d234b70' LIMIT 1   [ RunTime:0.0002s ]
INFO: [ app_end ] --START--
INFO: Run Behavior\ShowPageTraceBehavior [ RunTime:0.000639s ]
INFO: [ app_end ] --END-- [ RunTime:0.000687s ]

