[ 2017-05-16T10:28:46+08:00 ] ::1 /wechat/index.php/Home/User/login/userid/000001/pwd/99e40398f347155124bacca53b74750e
INFO: [ app_init ] --START--
INFO: Run Behavior\BuildLiteBehavior [ RunTime:0.000136s ]
INFO: [ app_init ] --END-- [ RunTime:0.039011s ]
INFO: [ app_begin ] --START--
INFO: Run Behavior\ReadHtmlCacheBehavior [ RunTime:0.028751s ]
INFO: [ app_begin ] --END-- [ RunTime:0.028994s ]
SQL: SHOW COLUMNS FROM `user` [ RunTime:0.4521s ]
SQL: SHOW COLUMNS FROM `user` [ RunTime:0.0051s ]
SQL: SELECT * FROM `user` WHERE `userid` = '000001' AND `password` = '99e40398f347155124bacca53b74750e' LIMIT 1   [ RunTime:0.0920s ]
INFO: [ app_end ] --START--
INFO: Run Behavior\ShowPageTraceBehavior [ RunTime:0.011908s ]
INFO: [ app_end ] --END-- [ RunTime:0.012170s ]

[ 2017-05-16T10:31:25+08:00 ] 192.168.201.80 /wechat/index.php/Home/User/login/userid/000001/pwd/99e40398f347155124bacca53b74750e
INFO: [ app_init ] --START--
INFO: Run Behavior\BuildLiteBehavior [ RunTime:0.000011s ]
INFO: [ app_init ] --END-- [ RunTime:0.000439s ]
INFO: [ app_begin ] --START--
INFO: Run Behavior\ReadHtmlCacheBehavior [ RunTime:0.000580s ]
INFO: [ app_begin ] --END-- [ RunTime:0.000627s ]
SQL: SHOW COLUMNS FROM `user` [ RunTime:0.0045s ]
SQL: SHOW COLUMNS FROM `user` [ RunTime:0.0095s ]
SQL: SELECT * FROM `user` WHERE `userid` = '000001' AND `password` = '99e40398f347155124bacca53b74750e' LIMIT 1   [ RunTime:0.0003s ]
INFO: [ app_end ] --START--
INFO: Run Behavior\ShowPageTraceBehavior [ RunTime:0.000632s ]
INFO: [ app_end ] --END-- [ RunTime:0.000681s ]

[ 2017-05-16T10:32:25+08:00 ] 192.168.201.80 /wechat/index.php/Home/User/login/userid/000001/pwd/99e40398f347155124bacca53b74750e
INFO: [ app_init ] --START--
INFO: Run Behavior\BuildLiteBehavior [ RunTime:0.000014s ]
INFO: [ app_init ] --END-- [ RunTime:0.000496s ]
INFO: [ app_begin ] --START--
INFO: Run Behavior\ReadHtmlCacheBehavior [ RunTime:0.000633s ]
INFO: [ app_begin ] --END-- [ RunTime:0.000694s ]
SQL: SHOW COLUMNS FROM `user` [ RunTime:0.0036s ]
SQL: SHOW COLUMNS FROM `user` [ RunTime:0.0032s ]
SQL: SELECT * FROM `user` WHERE `userid` = '000001' AND `password` = '99e40398f347155124bacca53b74750e' LIMIT 1   [ RunTime:0.0003s ]
INFO: [ app_end ] --START--
INFO: Run Behavior\ShowPageTraceBehavior [ RunTime:0.000393s ]
INFO: [ app_end ] --END-- [ RunTime:0.000432s ]

[ 2017-05-16T10:40:08+08:00 ] 192.168.201.80 /wechat/index.php/Home/User/login/userid/000001/pwd/99e40398f347155124bacca53b74750e
INFO: [ app_init ] --START--
INFO: Run Behavior\BuildLiteBehavior [ RunTime:0.000009s ]
INFO: [ app_init ] --END-- [ RunTime:0.000360s ]
INFO: [ app_begin ] --START--
INFO: Run Behavior\ReadHtmlCacheBehavior [ RunTime:0.000585s ]
INFO: [ app_begin ] --END-- [ RunTime:0.000625s ]
SQL: SHOW COLUMNS FROM `user` [ RunTime:0.0034s ]
SQL: SHOW COLUMNS FROM `user` [ RunTime:0.0027s ]
SQL: SELECT * FROM `user` WHERE `userid` = '000001' AND `password` = '99e40398f347155124bacca53b74750e' LIMIT 1   [ RunTime:0.0003s ]
INFO: [ app_end ] --START--
INFO: Run Behavior\ShowPageTraceBehavior [ RunTime:0.000475s ]
INFO: [ app_end ] --END-- [ RunTime:0.000518s ]

[ 2017-05-16T10:49:44+08:00 ] 192.168.201.80 /wechat/index.php/Home/User/login/userid/000001/pwd/99e40398f347155124bacca53b74750e
INFO: [ app_init ] --START--
INFO: Run Behavior\BuildLiteBehavior [ RunTime:0.000012s ]
INFO: [ app_init ] --END-- [ RunTime:0.000487s ]
INFO: [ app_begin ] --START--
INFO: Run Behavior\ReadHtmlCacheBehavior [ RunTime:0.000567s ]
INFO: [ app_begin ] --END-- [ RunTime:0.000616s ]
SQL: SHOW COLUMNS FROM `user` [ RunTime:0.0039s ]
SQL: SHOW COLUMNS FROM `user` [ RunTime:0.0036s ]
SQL: SELECT * FROM `user` WHERE `userid` = '000001' AND `password` = '99e40398f347155124bacca53b74750e' LIMIT 1   [ RunTime:0.0004s ]
INFO: [ app_end ] --START--
INFO: Run Behavior\ShowPageTraceBehavior [ RunTime:0.001014s ]
INFO: [ app_end ] --END-- [ RunTime:0.001088s ]

[ 2017-05-16T13:07:04+08:00 ] 192.168.201.80 /wechat/index.php/Home/User/login/userid/000001/pwd/99e40398f347155124bacca53b74750e
INFO: [ app_init ] --START--
INFO: Run Behavior\BuildLiteBehavior [ RunTime:0.000015s ]
INFO: [ app_init ] --END-- [ RunTime:0.011402s ]
INFO: [ app_begin ] --START--
INFO: Run Behavior\ReadHtmlCacheBehavior [ RunTime:0.016333s ]
INFO: [ app_begin ] --END-- [ RunTime:0.016391s ]

[ 2017-05-16T13:07:47+08:00 ] 192.168.201.80 /wechat/index.php/Home/User/login/userid/000001/pwd/99e40398f347155124bacca53b74750e
INFO: [ app_init ] --START--
INFO: Run Behavior\BuildLiteBehavior [ RunTime:0.000013s ]
INFO: [ app_init ] --END-- [ RunTime:0.000742s ]
INFO: [ app_begin ] --START--
INFO: Run Behavior\ReadHtmlCacheBehavior [ RunTime:0.000528s ]
INFO: [ app_begin ] --END-- [ RunTime:0.000568s ]

[ 2017-05-16T13:07:48+08:00 ] 192.168.201.80 /wechat/index.php/Home/User/login/userid/000001/pwd/99e40398f347155124bacca53b74750e
INFO: [ app_init ] --START--
INFO: Run Behavior\BuildLiteBehavior [ RunTime:0.000012s ]
INFO: [ app_init ] --END-- [ RunTime:0.000536s ]
INFO: [ app_begin ] --START--
INFO: Run Behavior\ReadHtmlCacheBehavior [ RunTime:0.000469s ]
INFO: [ app_begin ] --END-- [ RunTime:0.000513s ]

[ 2017-05-16T13:07:48+08:00 ] 192.168.201.80 /wechat/index.php/Home/User/login/userid/000001/pwd/99e40398f347155124bacca53b74750e
INFO: [ app_init ] --START--
INFO: Run Behavior\BuildLiteBehavior [ RunTime:0.000023s ]
INFO: [ app_init ] --END-- [ RunTime:0.000698s ]
INFO: [ app_begin ] --START--
INFO: Run Behavior\ReadHtmlCacheBehavior [ RunTime:0.000714s ]
INFO: [ app_begin ] --END-- [ RunTime:0.000801s ]

[ 2017-05-16T13:13:30+08:00 ] 192.168.201.80 /wechat/index.php/Home/User/login/userid/000001/pwd/99e40398f347155124bacca53b74750e
INFO: [ app_init ] --START--
INFO: Run Behavior\BuildLiteBehavior [ RunTime:0.000012s ]
INFO: [ app_init ] --END-- [ RunTime:0.000481s ]
INFO: [ app_begin ] --START--
INFO: Run Behavior\ReadHtmlCacheBehavior [ RunTime:0.000622s ]
INFO: [ app_begin ] --END-- [ RunTime:0.000671s ]
SQL: SHOW COLUMNS FROM `user` [ RunTime:0.0054s ]
NOTIC: [8] Undefined variable: id D:\xampp\htdocs\wechat\Application\Home\Model\UserModel.class.php 第 25 行.
ERR: 1064:You have an error in your SQL syntax; check the manual that corresponds to your MariaDB server version for the right syntax to use near 'desc LIMIT 1' at line 1
 [ SQL语句 ] : SELECT * FROM `user` ORDER BY desc LIMIT 1  
ERR: 1064:You have an error in your SQL syntax; check the manual that corresponds to your MariaDB server version for the right syntax to use near 'desc LIMIT 1' at line 1
 [ SQL语句 ] : SELECT * FROM `user` ORDER BY desc LIMIT 1  

[ 2017-05-16T13:14:44+08:00 ] 192.168.201.80 /wechat/index.php/Home/User/login/userid/000001/pwd/99e40398f347155124bacca53b74750e
INFO: [ app_init ] --START--
INFO: Run Behavior\BuildLiteBehavior [ RunTime:0.000012s ]
INFO: [ app_init ] --END-- [ RunTime:0.000451s ]
INFO: [ app_begin ] --START--
INFO: Run Behavior\ReadHtmlCacheBehavior [ RunTime:0.000673s ]
INFO: [ app_begin ] --END-- [ RunTime:0.000724s ]
SQL: SHOW COLUMNS FROM `user` [ RunTime:0.0038s ]
SQL: SELECT `id` FROM `user` LIMIT 1   [ RunTime:0.0139s ]
SQL: SELECT * FROM `user` WHERE `userid` = '000001' AND `password` = '99e40398f347155124bacca53b74750e' LIMIT 1   [ RunTime:0.0005s ]
INFO: [ app_end ] --START--
INFO: Run Behavior\ShowPageTraceBehavior [ RunTime:0.009823s ]
INFO: [ app_end ] --END-- [ RunTime:0.009889s ]

[ 2017-05-16T13:15:06+08:00 ] 192.168.201.80 /wechat/index.php/Home/User/login/userid/000001/pwd/99e40398f347155124bacca53b74750e
INFO: [ app_init ] --START--
INFO: Run Behavior\BuildLiteBehavior [ RunTime:0.000011s ]
INFO: [ app_init ] --END-- [ RunTime:0.000447s ]
INFO: [ app_begin ] --START--
INFO: Run Behavior\ReadHtmlCacheBehavior [ RunTime:0.000398s ]
INFO: [ app_begin ] --END-- [ RunTime:0.000435s ]
SQL: SHOW COLUMNS FROM `user` [ RunTime:0.0037s ]
ERR: 1064:You have an error in your SQL syntax; check the manual that corresponds to your MariaDB server version for the right syntax to use near 'desc LIMIT 1' at line 1
 [ SQL语句 ] : SELECT `id` FROM `user` ORDER BY desc LIMIT 1  
ERR: 1064:You have an error in your SQL syntax; check the manual that corresponds to your MariaDB server version for the right syntax to use near 'desc LIMIT 1' at line 1
 [ SQL语句 ] : SELECT `id` FROM `user` ORDER BY desc LIMIT 1  

[ 2017-05-16T13:15:42+08:00 ] ::1 /wechat/index.php/Home/User/test
INFO: [ app_init ] --START--
INFO: Run Behavior\BuildLiteBehavior [ RunTime:0.000010s ]
INFO: [ app_init ] --END-- [ RunTime:0.000347s ]
INFO: [ app_begin ] --START--
INFO: Run Behavior\ReadHtmlCacheBehavior [ RunTime:0.000524s ]
INFO: [ app_begin ] --END-- [ RunTime:0.000560s ]
NOTIC: [8] Undefined variable: user D:\xampp\htdocs\wechat\Application\Home\Controller\UserController.class.php 第 16 行.

[ 2017-05-16T13:16:13+08:00 ] ::1 /wechat/index.php/Home/User/test
INFO: [ app_init ] --START--
INFO: Run Behavior\BuildLiteBehavior [ RunTime:0.000017s ]
INFO: [ app_init ] --END-- [ RunTime:0.000590s ]
INFO: [ app_begin ] --START--
INFO: Run Behavior\ReadHtmlCacheBehavior [ RunTime:0.000651s ]
INFO: [ app_begin ] --END-- [ RunTime:0.000718s ]
SQL: SHOW COLUMNS FROM `user` [ RunTime:0.0045s ]
SQL: SELECT `id` FROM `user` LIMIT 1   [ RunTime:0.0003s ]
NOTIC: [8] Undefined variable: insertID D:\xampp\htdocs\wechat\Application\Home\Model\UserModel.class.php 第 30 行.
INFO: [ app_end ] --START--
INFO: Run Behavior\ShowPageTraceBehavior [ RunTime:0.000578s ]
INFO: [ app_end ] --END-- [ RunTime:0.000616s ]

[ 2017-05-16T13:16:53+08:00 ] ::1 /wechat/index.php/Home/User/test
INFO: [ app_init ] --START--
INFO: Run Behavior\BuildLiteBehavior [ RunTime:0.000018s ]
INFO: [ app_init ] --END-- [ RunTime:0.000540s ]
INFO: [ app_begin ] --START--
INFO: Run Behavior\ReadHtmlCacheBehavior [ RunTime:0.000647s ]
INFO: [ app_begin ] --END-- [ RunTime:0.000724s ]
SQL: SHOW COLUMNS FROM `user` [ RunTime:0.0732s ]
SQL: SELECT `id` FROM `user` LIMIT 1   [ RunTime:0.0003s ]
NOTIC: [8] Undefined variable: insertID D:\xampp\htdocs\wechat\Application\Home\Model\UserModel.class.php 第 30 行.
INFO: [ app_end ] --START--
INFO: Run Behavior\ShowPageTraceBehavior [ RunTime:0.000599s ]
INFO: [ app_end ] --END-- [ RunTime:0.000644s ]

[ 2017-05-16T13:16:54+08:00 ] ::1 /wechat/index.php/Home/User/test
INFO: [ app_init ] --START--
INFO: Run Behavior\BuildLiteBehavior [ RunTime:0.000016s ]
INFO: [ app_init ] --END-- [ RunTime:0.000508s ]
INFO: [ app_begin ] --START--
INFO: Run Behavior\ReadHtmlCacheBehavior [ RunTime:0.000555s ]
INFO: [ app_begin ] --END-- [ RunTime:0.000609s ]
SQL: SHOW COLUMNS FROM `user` [ RunTime:0.0274s ]
SQL: SELECT `id` FROM `user` LIMIT 1   [ RunTime:0.0003s ]
NOTIC: [8] Undefined variable: insertID D:\xampp\htdocs\wechat\Application\Home\Model\UserModel.class.php 第 30 行.
INFO: [ app_end ] --START--
INFO: Run Behavior\ShowPageTraceBehavior [ RunTime:0.000613s ]
INFO: [ app_end ] --END-- [ RunTime:0.000648s ]

[ 2017-05-16T13:17:25+08:00 ] ::1 /wechat/index.php/Home/User/test
INFO: [ app_init ] --START--
INFO: Run Behavior\BuildLiteBehavior [ RunTime:0.000021s ]
INFO: [ app_init ] --END-- [ RunTime:0.003277s ]
INFO: [ app_begin ] --START--
INFO: Run Behavior\ReadHtmlCacheBehavior [ RunTime:0.000842s ]
INFO: [ app_begin ] --END-- [ RunTime:0.001024s ]
SQL: SHOW COLUMNS FROM `user` [ RunTime:0.0042s ]
SQL: SELECT `id` FROM `user` LIMIT 1   [ RunTime:0.0003s ]
NOTIC: [8] Undefined variable: insertID D:\xampp\htdocs\wechat\Application\Home\Model\UserModel.class.php 第 30 行.
INFO: [ app_end ] --START--
INFO: Run Behavior\ShowPageTraceBehavior [ RunTime:0.000718s ]
INFO: [ app_end ] --END-- [ RunTime:0.000793s ]

[ 2017-05-16T13:17:34+08:00 ] ::1 /wechat/index.php/Home/User/test
INFO: [ app_init ] --START--
INFO: Run Behavior\BuildLiteBehavior [ RunTime:0.000010s ]
INFO: [ app_init ] --END-- [ RunTime:0.000384s ]
INFO: [ app_begin ] --START--
INFO: Run Behavior\ReadHtmlCacheBehavior [ RunTime:0.000662s ]
INFO: [ app_begin ] --END-- [ RunTime:0.000723s ]
SQL: SHOW COLUMNS FROM `user` [ RunTime:0.0035s ]
SQL: SELECT `id` FROM `user` LIMIT 1   [ RunTime:0.0002s ]
NOTIC: [8] Undefined variable: insertID D:\xampp\htdocs\wechat\Application\Home\Model\UserModel.class.php 第 30 行.
INFO: [ app_end ] --START--
INFO: Run Behavior\ShowPageTraceBehavior [ RunTime:0.000609s ]
INFO: [ app_end ] --END-- [ RunTime:0.000653s ]

[ 2017-05-16T13:20:21+08:00 ] ::1 /wechat/index.php/Home/User/test
INFO: [ app_init ] --START--
INFO: Run Behavior\BuildLiteBehavior [ RunTime:0.000011s ]
INFO: [ app_init ] --END-- [ RunTime:0.000402s ]
INFO: [ app_begin ] --START--
INFO: Run Behavior\ReadHtmlCacheBehavior [ RunTime:0.000647s ]
INFO: [ app_begin ] --END-- [ RunTime:0.000690s ]
SQL: SHOW COLUMNS FROM `user` [ RunTime:0.0029s ]
SQL: SELECT `id` FROM `user`  [ RunTime:0.0002s ]
NOTIC: [8] Undefined variable: insertID D:\xampp\htdocs\wechat\Application\Home\Model\UserModel.class.php 第 30 行.
INFO: [ app_end ] --START--
INFO: Run Behavior\ShowPageTraceBehavior [ RunTime:0.000754s ]
INFO: [ app_end ] --END-- [ RunTime:0.000786s ]

[ 2017-05-16T13:20:22+08:00 ] ::1 /wechat/index.php/Home/User/test
INFO: [ app_init ] --START--
INFO: Run Behavior\BuildLiteBehavior [ RunTime:0.000011s ]
INFO: [ app_init ] --END-- [ RunTime:0.000490s ]
INFO: [ app_begin ] --START--
INFO: Run Behavior\ReadHtmlCacheBehavior [ RunTime:0.000766s ]
INFO: [ app_begin ] --END-- [ RunTime:0.000815s ]
SQL: SHOW COLUMNS FROM `user` [ RunTime:0.0036s ]
SQL: SELECT `id` FROM `user`  [ RunTime:0.0002s ]
NOTIC: [8] Undefined variable: insertID D:\xampp\htdocs\wechat\Application\Home\Model\UserModel.class.php 第 30 行.
INFO: [ app_end ] --START--
INFO: Run Behavior\ShowPageTraceBehavior [ RunTime:0.000740s ]
INFO: [ app_end ] --END-- [ RunTime:0.000780s ]

[ 2017-05-16T13:20:22+08:00 ] ::1 /wechat/index.php/Home/User/test
INFO: [ app_init ] --START--
INFO: Run Behavior\BuildLiteBehavior [ RunTime:0.000017s ]
INFO: [ app_init ] --END-- [ RunTime:0.000581s ]
INFO: [ app_begin ] --START--
INFO: Run Behavior\ReadHtmlCacheBehavior [ RunTime:0.000647s ]
INFO: [ app_begin ] --END-- [ RunTime:0.000699s ]
SQL: SHOW COLUMNS FROM `user` [ RunTime:0.0031s ]
SQL: SELECT `id` FROM `user`  [ RunTime:0.0002s ]
NOTIC: [8] Undefined variable: insertID D:\xampp\htdocs\wechat\Application\Home\Model\UserModel.class.php 第 30 行.
INFO: [ app_end ] --START--
INFO: Run Behavior\ShowPageTraceBehavior [ RunTime:0.000701s ]
INFO: [ app_end ] --END-- [ RunTime:0.000732s ]

[ 2017-05-16T13:21:01+08:00 ] ::1 /wechat/index.php/Home/User/test
INFO: [ app_init ] --START--
INFO: Run Behavior\BuildLiteBehavior [ RunTime:0.000014s ]
INFO: [ app_init ] --END-- [ RunTime:0.011336s ]
INFO: [ app_begin ] --START--
INFO: Run Behavior\ReadHtmlCacheBehavior [ RunTime:0.016155s ]
INFO: [ app_begin ] --END-- [ RunTime:0.016225s ]
SQL: SHOW COLUMNS FROM `user` [ RunTime:0.0055s ]
SQL: SELECT `username` FROM `user`  [ RunTime:0.0006s ]
NOTIC: [8] Undefined variable: insertID D:\xampp\htdocs\wechat\Application\Home\Model\UserModel.class.php 第 30 行.
INFO: [ app_end ] --START--
INFO: Run Behavior\ShowPageTraceBehavior [ RunTime:0.024609s ]
INFO: [ app_end ] --END-- [ RunTime:0.024657s ]

[ 2017-05-16T13:21:01+08:00 ] ::1 /wechat/index.php/Home/User/test
INFO: [ app_init ] --START--
INFO: Run Behavior\BuildLiteBehavior [ RunTime:0.000017s ]
INFO: [ app_init ] --END-- [ RunTime:0.000789s ]
INFO: [ app_begin ] --START--
INFO: Run Behavior\ReadHtmlCacheBehavior [ RunTime:0.001015s ]
INFO: [ app_begin ] --END-- [ RunTime:0.001074s ]
SQL: SHOW COLUMNS FROM `user` [ RunTime:0.0074s ]
SQL: SELECT `username` FROM `user`  [ RunTime:0.0002s ]
NOTIC: [8] Undefined variable: insertID D:\xampp\htdocs\wechat\Application\Home\Model\UserModel.class.php 第 30 行.
INFO: [ app_end ] --START--
INFO: Run Behavior\ShowPageTraceBehavior [ RunTime:0.001365s ]
INFO: [ app_end ] --END-- [ RunTime:0.001418s ]

[ 2017-05-16T13:21:05+08:00 ] ::1 /wechat/index.php/Home/User/test
INFO: [ app_init ] --START--
INFO: Run Behavior\BuildLiteBehavior [ RunTime:0.000011s ]
INFO: [ app_init ] --END-- [ RunTime:0.000668s ]
INFO: [ app_begin ] --START--
INFO: Run Behavior\ReadHtmlCacheBehavior [ RunTime:0.000996s ]
INFO: [ app_begin ] --END-- [ RunTime:0.001044s ]
SQL: SHOW COLUMNS FROM `user` [ RunTime:0.0041s ]
SQL: SELECT `username` FROM `user`  [ RunTime:0.0003s ]
NOTIC: [8] Undefined variable: insertID D:\xampp\htdocs\wechat\Application\Home\Model\UserModel.class.php 第 30 行.
INFO: [ app_end ] --START--
INFO: Run Behavior\ShowPageTraceBehavior [ RunTime:0.001541s ]
INFO: [ app_end ] --END-- [ RunTime:0.001597s ]

[ 2017-05-16T13:22:50+08:00 ] ::1 /wechat/index.php/Home/User/test
INFO: [ app_init ] --START--
INFO: Run Behavior\BuildLiteBehavior [ RunTime:0.000012s ]
INFO: [ app_init ] --END-- [ RunTime:0.000563s ]
INFO: [ app_begin ] --START--
INFO: Run Behavior\ReadHtmlCacheBehavior [ RunTime:0.000839s ]
INFO: [ app_begin ] --END-- [ RunTime:0.000894s ]
SQL: SHOW COLUMNS FROM `user` [ RunTime:0.0039s ]
SQL: SELECT `username` FROM `user`  [ RunTime:0.0002s ]

[ 2017-05-16T13:23:41+08:00 ] ::1 /wechat/index.php/Home/User/test
INFO: [ app_init ] --START--
INFO: Run Behavior\BuildLiteBehavior [ RunTime:0.000013s ]
INFO: [ app_init ] --END-- [ RunTime:0.000580s ]
INFO: [ app_begin ] --START--
INFO: Run Behavior\ReadHtmlCacheBehavior [ RunTime:0.000856s ]
INFO: [ app_begin ] --END-- [ RunTime:0.000899s ]
SQL: SHOW COLUMNS FROM `user` [ RunTime:0.0066s ]
SQL: SELECT `username` FROM `user`  [ RunTime:0.0003s ]

[ 2017-05-16T13:26:17+08:00 ] ::1 /wechat/index.php/Home/User/test
INFO: [ app_init ] --START--
INFO: Run Behavior\BuildLiteBehavior [ RunTime:0.000011s ]
INFO: [ app_init ] --END-- [ RunTime:0.000392s ]
INFO: [ app_begin ] --START--
INFO: Run Behavior\ReadHtmlCacheBehavior [ RunTime:0.000964s ]
INFO: [ app_begin ] --END-- [ RunTime:0.001016s ]
SQL: SHOW COLUMNS FROM `user` [ RunTime:0.0047s ]
SQL: SELECT `username` FROM `user`  [ RunTime:0.0004s ]

[ 2017-05-16T13:26:18+08:00 ] ::1 /wechat/index.php/Home/User/test
INFO: [ app_init ] --START--
INFO: Run Behavior\BuildLiteBehavior [ RunTime:0.000012s ]
INFO: [ app_init ] --END-- [ RunTime:0.000437s ]
INFO: [ app_begin ] --START--
INFO: Run Behavior\ReadHtmlCacheBehavior [ RunTime:0.000613s ]
INFO: [ app_begin ] --END-- [ RunTime:0.000665s ]
SQL: SHOW COLUMNS FROM `user` [ RunTime:0.0034s ]
SQL: SELECT `username` FROM `user`  [ RunTime:0.0002s ]

[ 2017-05-16T13:26:33+08:00 ] 192.168.201.80 /wechat/index.php/Home/User/login/userid/000001/pwd/99e40398f347155124bacca53b74750e
INFO: [ app_init ] --START--
INFO: Run Behavior\BuildLiteBehavior [ RunTime:0.000013s ]
INFO: [ app_init ] --END-- [ RunTime:0.000423s ]
INFO: [ app_begin ] --START--
INFO: Run Behavior\ReadHtmlCacheBehavior [ RunTime:0.000936s ]
INFO: [ app_begin ] --END-- [ RunTime:0.001010s ]
SQL: SHOW COLUMNS FROM `user` [ RunTime:0.0045s ]
SQL: SELECT `username` FROM `user`  [ RunTime:0.0003s ]
SQL: SELECT * FROM `user` WHERE `userid` = '000001' AND `password` = '99e40398f347155124bacca53b74750e' LIMIT 1   [ RunTime:0.0003s ]
INFO: [ app_end ] --START--
INFO: Run Behavior\ShowPageTraceBehavior [ RunTime:0.000977s ]
INFO: [ app_end ] --END-- [ RunTime:0.001035s ]

[ 2017-05-16T13:27:16+08:00 ] ::1 /wechat/index.php/Home/User/test
INFO: [ app_init ] --START--
INFO: Run Behavior\BuildLiteBehavior [ RunTime:0.000012s ]
INFO: [ app_init ] --END-- [ RunTime:0.000505s ]
INFO: [ app_begin ] --START--
INFO: Run Behavior\ReadHtmlCacheBehavior [ RunTime:0.000751s ]
INFO: [ app_begin ] --END-- [ RunTime:0.000796s ]
SQL: SHOW COLUMNS FROM `user` [ RunTime:0.0082s ]
SQL: SELECT `username` FROM `user`  [ RunTime:0.0003s ]
NOTIC: [8] Undefined variable: insertID D:\xampp\htdocs\wechat\Application\Home\Model\UserModel.class.php 第 30 行.
INFO: [ app_end ] --START--
INFO: Run Behavior\ShowPageTraceBehavior [ RunTime:0.001230s ]
INFO: [ app_end ] --END-- [ RunTime:0.001315s ]

[ 2017-05-16T13:27:26+08:00 ] ::1 /wechat/index.php/Home/User/test
INFO: [ app_init ] --START--
INFO: Run Behavior\BuildLiteBehavior [ RunTime:0.000027s ]
INFO: [ app_init ] --END-- [ RunTime:0.001431s ]
INFO: [ app_begin ] --START--
INFO: Run Behavior\ReadHtmlCacheBehavior [ RunTime:0.000928s ]
INFO: [ app_begin ] --END-- [ RunTime:0.000994s ]
SQL: SHOW COLUMNS FROM `user` [ RunTime:0.0375s ]
NOTIC: [2] Missing argument 1 for Think\Model::field(), called in D:\xampp\htdocs\wechat\Application\Home\Model\UserModel.class.php on line 26 and defined D:\xampp\htdocs\wechat\ThinkPHP\Library\Think\Model.class.php 第 1740 行.
NOTIC: [8] Undefined variable: field D:\xampp\htdocs\wechat\ThinkPHP\Library\Think\Model.class.php 第 1741 行.
NOTIC: [8] Undefined variable: field D:\xampp\htdocs\wechat\ThinkPHP\Library\Think\Model.class.php 第 1751 行.
SQL: SELECT * FROM `user`  [ RunTime:0.0003s ]
NOTIC: [8] Undefined variable: insertID D:\xampp\htdocs\wechat\Application\Home\Model\UserModel.class.php 第 30 行.
INFO: [ app_end ] --START--
INFO: Run Behavior\ShowPageTraceBehavior [ RunTime:0.000912s ]
INFO: [ app_end ] --END-- [ RunTime:0.000962s ]

[ 2017-05-16T13:27:27+08:00 ] ::1 /wechat/index.php/Home/User/test
INFO: [ app_init ] --START--
INFO: Run Behavior\BuildLiteBehavior [ RunTime:0.000016s ]
INFO: [ app_init ] --END-- [ RunTime:0.000501s ]
INFO: [ app_begin ] --START--
INFO: Run Behavior\ReadHtmlCacheBehavior [ RunTime:0.000843s ]
INFO: [ app_begin ] --END-- [ RunTime:0.000896s ]
SQL: SHOW COLUMNS FROM `user` [ RunTime:0.0040s ]
NOTIC: [2] Missing argument 1 for Think\Model::field(), called in D:\xampp\htdocs\wechat\Application\Home\Model\UserModel.class.php on line 26 and defined D:\xampp\htdocs\wechat\ThinkPHP\Library\Think\Model.class.php 第 1740 行.
NOTIC: [8] Undefined variable: field D:\xampp\htdocs\wechat\ThinkPHP\Library\Think\Model.class.php 第 1741 行.
NOTIC: [8] Undefined variable: field D:\xampp\htdocs\wechat\ThinkPHP\Library\Think\Model.class.php 第 1751 行.
SQL: SELECT * FROM `user`  [ RunTime:0.0005s ]
NOTIC: [8] Undefined variable: insertID D:\xampp\htdocs\wechat\Application\Home\Model\UserModel.class.php 第 30 行.
INFO: [ app_end ] --START--
INFO: Run Behavior\ShowPageTraceBehavior [ RunTime:0.000935s ]
INFO: [ app_end ] --END-- [ RunTime:0.000983s ]

[ 2017-05-16T13:27:28+08:00 ] ::1 /wechat/index.php/Home/User/test
INFO: [ app_init ] --START--
INFO: Run Behavior\BuildLiteBehavior [ RunTime:0.000021s ]
INFO: [ app_init ] --END-- [ RunTime:0.000745s ]
INFO: [ app_begin ] --START--
INFO: Run Behavior\ReadHtmlCacheBehavior [ RunTime:0.000742s ]
INFO: [ app_begin ] --END-- [ RunTime:0.000810s ]
SQL: SHOW COLUMNS FROM `user` [ RunTime:0.0038s ]
NOTIC: [2] Missing argument 1 for Think\Model::field(), called in D:\xampp\htdocs\wechat\Application\Home\Model\UserModel.class.php on line 26 and defined D:\xampp\htdocs\wechat\ThinkPHP\Library\Think\Model.class.php 第 1740 行.
NOTIC: [8] Undefined variable: field D:\xampp\htdocs\wechat\ThinkPHP\Library\Think\Model.class.php 第 1741 行.
NOTIC: [8] Undefined variable: field D:\xampp\htdocs\wechat\ThinkPHP\Library\Think\Model.class.php 第 1751 行.
SQL: SELECT * FROM `user`  [ RunTime:0.0003s ]
NOTIC: [8] Undefined variable: insertID D:\xampp\htdocs\wechat\Application\Home\Model\UserModel.class.php 第 30 行.
INFO: [ app_end ] --START--
INFO: Run Behavior\ShowPageTraceBehavior [ RunTime:0.001109s ]
INFO: [ app_end ] --END-- [ RunTime:0.001166s ]

[ 2017-05-16T13:30:15+08:00 ] ::1 /wechat/index.php/Home/User/test
INFO: [ app_init ] --START--
INFO: Run Behavior\BuildLiteBehavior [ RunTime:0.000012s ]
INFO: [ app_init ] --END-- [ RunTime:0.000386s ]
INFO: [ app_begin ] --START--
INFO: Run Behavior\ReadHtmlCacheBehavior [ RunTime:0.000677s ]
INFO: [ app_begin ] --END-- [ RunTime:0.000729s ]
SQL: SHOW COLUMNS FROM `user` [ RunTime:0.0036s ]
NOTIC: [2] Missing argument 1 for Think\Model::field(), called in D:\xampp\htdocs\wechat\Application\Home\Model\UserModel.class.php on line 26 and defined D:\xampp\htdocs\wechat\ThinkPHP\Library\Think\Model.class.php 第 1740 行.
NOTIC: [8] Undefined variable: field D:\xampp\htdocs\wechat\ThinkPHP\Library\Think\Model.class.php 第 1741 行.
NOTIC: [8] Undefined variable: field D:\xampp\htdocs\wechat\ThinkPHP\Library\Think\Model.class.php 第 1751 行.
SQL: SELECT * FROM `user`  [ RunTime:0.0004s ]
NOTIC: [2] Missing argument 1 for Think\Model::field(), called in D:\xampp\htdocs\wechat\Application\Home\Model\UserModel.class.php on line 31 and defined D:\xampp\htdocs\wechat\ThinkPHP\Library\Think\Model.class.php 第 1740 行.
NOTIC: [8] Undefined variable: field D:\xampp\htdocs\wechat\ThinkPHP\Library\Think\Model.class.php 第 1741 行.
NOTIC: [8] Undefined variable: field D:\xampp\htdocs\wechat\ThinkPHP\Library\Think\Model.class.php 第 1751 行.
SQL: SELECT * FROM `user`  [ RunTime:0.0003s ]
INFO: [ app_end ] --START--
INFO: Run Behavior\ShowPageTraceBehavior [ RunTime:0.000794s ]
INFO: [ app_end ] --END-- [ RunTime:0.000838s ]

[ 2017-05-16T13:30:24+08:00 ] ::1 /wechat/index.php/Home/User/test
INFO: [ app_init ] --START--
INFO: Run Behavior\BuildLiteBehavior [ RunTime:0.000014s ]
INFO: [ app_init ] --END-- [ RunTime:0.000478s ]
INFO: [ app_begin ] --START--
INFO: Run Behavior\ReadHtmlCacheBehavior [ RunTime:0.000951s ]
INFO: [ app_begin ] --END-- [ RunTime:0.001050s ]
SQL: SHOW COLUMNS FROM `user` [ RunTime:0.0041s ]
NOTIC: [2] Missing argument 1 for Think\Model::field(), called in D:\xampp\htdocs\wechat\Application\Home\Model\UserModel.class.php on line 26 and defined D:\xampp\htdocs\wechat\ThinkPHP\Library\Think\Model.class.php 第 1740 行.
NOTIC: [8] Undefined variable: field D:\xampp\htdocs\wechat\ThinkPHP\Library\Think\Model.class.php 第 1741 行.
NOTIC: [8] Undefined variable: field D:\xampp\htdocs\wechat\ThinkPHP\Library\Think\Model.class.php 第 1751 行.
SQL: SELECT * FROM `user`  [ RunTime:0.0007s ]
SQL: SELECT `id` FROM `user`  [ RunTime:0.0004s ]
INFO: [ app_end ] --START--
INFO: Run Behavior\ShowPageTraceBehavior [ RunTime:0.000739s ]
INFO: [ app_end ] --END-- [ RunTime:0.000776s ]

[ 2017-05-16T13:30:39+08:00 ] ::1 /wechat/index.php/Home/User/test
INFO: [ app_init ] --START--
INFO: Run Behavior\BuildLiteBehavior [ RunTime:0.000018s ]
INFO: [ app_init ] --END-- [ RunTime:0.000646s ]
INFO: [ app_begin ] --START--
INFO: Run Behavior\ReadHtmlCacheBehavior [ RunTime:0.001006s ]
INFO: [ app_begin ] --END-- [ RunTime:0.001107s ]
SQL: SHOW COLUMNS FROM `user` [ RunTime:0.0035s ]
NOTIC: [2] Missing argument 1 for Think\Model::field(), called in D:\xampp\htdocs\wechat\Application\Home\Model\UserModel.class.php on line 26 and defined D:\xampp\htdocs\wechat\ThinkPHP\Library\Think\Model.class.php 第 1740 行.
NOTIC: [8] Undefined variable: field D:\xampp\htdocs\wechat\ThinkPHP\Library\Think\Model.class.php 第 1741 行.
NOTIC: [8] Undefined variable: field D:\xampp\htdocs\wechat\ThinkPHP\Library\Think\Model.class.php 第 1751 行.
SQL: SELECT * FROM `user`  [ RunTime:0.0003s ]
SQL: SELECT `id` FROM `user` LIMIT 1   [ RunTime:0.0001s ]
INFO: [ app_end ] --START--
INFO: Run Behavior\ShowPageTraceBehavior [ RunTime:0.000730s ]
INFO: [ app_end ] --END-- [ RunTime:0.000775s ]

[ 2017-05-16T13:31:02+08:00 ] ::1 /wechat/index.php/Home/User/test
INFO: [ app_init ] --START--
INFO: Run Behavior\BuildLiteBehavior [ RunTime:0.000012s ]
INFO: [ app_init ] --END-- [ RunTime:0.000370s ]
INFO: [ app_begin ] --START--
INFO: Run Behavior\ReadHtmlCacheBehavior [ RunTime:0.000832s ]
INFO: [ app_begin ] --END-- [ RunTime:0.000907s ]
SQL: SHOW COLUMNS FROM `user` [ RunTime:0.0044s ]
NOTIC: [2] Missing argument 1 for Think\Model::field(), called in D:\xampp\htdocs\wechat\Application\Home\Model\UserModel.class.php on line 26 and defined D:\xampp\htdocs\wechat\ThinkPHP\Library\Think\Model.class.php 第 1740 行.
NOTIC: [8] Undefined variable: field D:\xampp\htdocs\wechat\ThinkPHP\Library\Think\Model.class.php 第 1741 行.
NOTIC: [8] Undefined variable: field D:\xampp\htdocs\wechat\ThinkPHP\Library\Think\Model.class.php 第 1751 行.
SQL: SELECT * FROM `user`  [ RunTime:0.0010s ]
ERR: 1064:You have an error in your SQL syntax; check the manual that corresponds to your MariaDB server version for the right syntax to use near 'desc LIMIT 1' at line 1
 [ SQL语句 ] : SELECT `id` FROM `user` ORDER BY desc LIMIT 1  
ERR: 1064:You have an error in your SQL syntax; check the manual that corresponds to your MariaDB server version for the right syntax to use near 'desc LIMIT 1' at line 1
 [ SQL语句 ] : SELECT `id` FROM `user` ORDER BY desc LIMIT 1  

[ 2017-05-16T13:32:05+08:00 ] ::1 /wechat/index.php/Home/User/test
INFO: [ app_init ] --START--
INFO: Run Behavior\BuildLiteBehavior [ RunTime:0.000012s ]
INFO: [ app_init ] --END-- [ RunTime:0.000424s ]
INFO: [ app_begin ] --START--
INFO: Run Behavior\ReadHtmlCacheBehavior [ RunTime:0.000633s ]
INFO: [ app_begin ] --END-- [ RunTime:0.000681s ]
SQL: SHOW COLUMNS FROM `user` [ RunTime:0.0056s ]
NOTIC: [2] Missing argument 1 for Think\Model::field(), called in D:\xampp\htdocs\wechat\Application\Home\Model\UserModel.class.php on line 26 and defined D:\xampp\htdocs\wechat\ThinkPHP\Library\Think\Model.class.php 第 1740 行.
NOTIC: [8] Undefined variable: field D:\xampp\htdocs\wechat\ThinkPHP\Library\Think\Model.class.php 第 1741 行.
NOTIC: [8] Undefined variable: field D:\xampp\htdocs\wechat\ThinkPHP\Library\Think\Model.class.php 第 1751 行.
SQL: SELECT * FROM `user`  [ RunTime:0.0003s ]
SQL: SELECT `id` FROM `user` ORDER BY id desc LIMIT 1   [ RunTime:0.0002s ]
INFO: [ app_end ] --START--
INFO: Run Behavior\ShowPageTraceBehavior [ RunTime:0.000757s ]
INFO: [ app_end ] --END-- [ RunTime:0.000797s ]

[ 2017-05-16T13:33:15+08:00 ] ::1 /wechat/index.php/Home/User/test
INFO: [ app_init ] --START--
INFO: Run Behavior\BuildLiteBehavior [ RunTime:0.000011s ]
INFO: [ app_init ] --END-- [ RunTime:0.000398s ]
INFO: [ app_begin ] --START--
INFO: Run Behavior\ReadHtmlCacheBehavior [ RunTime:0.001294s ]
INFO: [ app_begin ] --END-- [ RunTime:0.001427s ]
SQL: SHOW COLUMNS FROM `user` [ RunTime:0.0041s ]
NOTIC: [2] Missing argument 1 for Think\Model::field(), called in D:\xampp\htdocs\wechat\Application\Home\Model\UserModel.class.php on line 26 and defined D:\xampp\htdocs\wechat\ThinkPHP\Library\Think\Model.class.php 第 1740 行.
NOTIC: [8] Undefined variable: field D:\xampp\htdocs\wechat\ThinkPHP\Library\Think\Model.class.php 第 1741 行.
NOTIC: [8] Undefined variable: field D:\xampp\htdocs\wechat\ThinkPHP\Library\Think\Model.class.php 第 1751 行.
SQL: SELECT * FROM `user`  [ RunTime:0.0012s ]
SQL: SELECT `id` FROM `user` ORDER BY id desc LIMIT 1   [ RunTime:0.0005s ]
INFO: [ app_end ] --START--
INFO: Run Behavior\ShowPageTraceBehavior [ RunTime:0.000836s ]
INFO: [ app_end ] --END-- [ RunTime:0.000908s ]

[ 2017-05-16T13:33:32+08:00 ] ::1 /wechat/index.php/Home/User/test
INFO: [ app_init ] --START--
INFO: Run Behavior\BuildLiteBehavior [ RunTime:0.000016s ]
INFO: [ app_init ] --END-- [ RunTime:0.000633s ]
INFO: [ app_begin ] --START--
INFO: Run Behavior\ReadHtmlCacheBehavior [ RunTime:0.001363s ]
INFO: [ app_begin ] --END-- [ RunTime:0.001493s ]
SQL: SHOW COLUMNS FROM `user` [ RunTime:0.0067s ]
NOTIC: [2] Missing argument 1 for Think\Model::field(), called in D:\xampp\htdocs\wechat\Application\Home\Model\UserModel.class.php on line 26 and defined D:\xampp\htdocs\wechat\ThinkPHP\Library\Think\Model.class.php 第 1740 行.
NOTIC: [8] Undefined variable: field D:\xampp\htdocs\wechat\ThinkPHP\Library\Think\Model.class.php 第 1741 行.
NOTIC: [8] Undefined variable: field D:\xampp\htdocs\wechat\ThinkPHP\Library\Think\Model.class.php 第 1751 行.
SQL: SELECT * FROM `user`  [ RunTime:0.0012s ]
SQL: SELECT `id` FROM `user` ORDER BY id desc LIMIT 1   [ RunTime:0.0048s ]
INFO: [ app_end ] --START--
INFO: Run Behavior\ShowPageTraceBehavior [ RunTime:0.001283s ]
INFO: [ app_end ] --END-- [ RunTime:0.001355s ]

[ 2017-05-16T13:37:02+08:00 ] 192.168.201.80 /wechat/index.php/Home/User/login/userid/000001/pwd/99e40398f347155124bacca53b74750e
INFO: [ app_init ] --START--
INFO: Run Behavior\BuildLiteBehavior [ RunTime:0.000011s ]
INFO: [ app_init ] --END-- [ RunTime:0.000468s ]
INFO: [ app_begin ] --START--
INFO: Run Behavior\ReadHtmlCacheBehavior [ RunTime:0.000722s ]
INFO: [ app_begin ] --END-- [ RunTime:0.000779s ]
SQL: SHOW COLUMNS FROM `user` [ RunTime:0.0136s ]
SQL: SELECT `id` FROM `user` ORDER BY id desc LIMIT 1   [ RunTime:0.0004s ]
NOTIC: [8] Undefined variable: user D:\xampp\htdocs\wechat\Application\Home\Model\UserModel.class.php 第 37 行.

[ 2017-05-16T13:37:30+08:00 ] 192.168.201.80 /wechat/index.php/Home/User/login/userid/000001/pwd/99e40398f347155124bacca53b74750e
INFO: [ app_init ] --START--
INFO: Run Behavior\BuildLiteBehavior [ RunTime:0.000011s ]
INFO: [ app_init ] --END-- [ RunTime:0.000558s ]
INFO: [ app_begin ] --START--
INFO: Run Behavior\ReadHtmlCacheBehavior [ RunTime:0.001057s ]
INFO: [ app_begin ] --END-- [ RunTime:0.001161s ]
SQL: SHOW COLUMNS FROM `user` [ RunTime:0.0038s ]
SQL: SELECT `id` FROM `user` ORDER BY id desc LIMIT 1   [ RunTime:0.0004s ]
NOTIC: [8] Undefined variable: user D:\xampp\htdocs\wechat\Application\Home\Model\UserModel.class.php 第 37 行.

[ 2017-05-16T13:38:26+08:00 ] 192.168.201.80 /wechat/index.php/Home/User/login/userid/000001/pwd/99e40398f347155124bacca53b74750e
INFO: [ app_init ] --START--
INFO: Run Behavior\BuildLiteBehavior [ RunTime:0.000011s ]
INFO: [ app_init ] --END-- [ RunTime:0.000452s ]
INFO: [ app_begin ] --START--
INFO: Run Behavior\ReadHtmlCacheBehavior [ RunTime:0.000646s ]
INFO: [ app_begin ] --END-- [ RunTime:0.000688s ]
SQL: SHOW COLUMNS FROM `user` [ RunTime:0.0390s ]
NOTIC: [8] Undefined variable: user D:\xampp\htdocs\wechat\Application\Home\Model\UserModel.class.php 第 25 行.

[ 2017-05-16T13:38:35+08:00 ] 192.168.201.80 /wechat/index.php/Home/User/login/userid/000001/pwd/99e40398f347155124bacca53b74750e
INFO: [ app_init ] --START--
INFO: Run Behavior\BuildLiteBehavior [ RunTime:0.000011s ]
INFO: [ app_init ] --END-- [ RunTime:0.000401s ]
INFO: [ app_begin ] --START--
INFO: Run Behavior\ReadHtmlCacheBehavior [ RunTime:0.000603s ]
INFO: [ app_begin ] --END-- [ RunTime:0.000653s ]
SQL: SHOW COLUMNS FROM `user` [ RunTime:0.0054s ]
SQL: SELECT `id` FROM `user` ORDER BY id desc LIMIT 1   [ RunTime:0.0003s ]
SQL: SELECT * FROM `user` WHERE `userid` = '000001' AND `password` = '99e40398f347155124bacca53b74750e' LIMIT 1   [ RunTime:0.0003s ]
INFO: [ app_end ] --START--
INFO: Run Behavior\ShowPageTraceBehavior [ RunTime:0.000634s ]
INFO: [ app_end ] --END-- [ RunTime:0.000675s ]

[ 2017-05-16T13:38:38+08:00 ] ::1 /wechat/index.php/Home/User/test
INFO: [ app_init ] --START--
INFO: Run Behavior\BuildLiteBehavior [ RunTime:0.000011s ]
INFO: [ app_init ] --END-- [ RunTime:0.000467s ]
INFO: [ app_begin ] --START--
INFO: Run Behavior\ReadHtmlCacheBehavior [ RunTime:0.000681s ]
INFO: [ app_begin ] --END-- [ RunTime:0.000719s ]
SQL: SHOW COLUMNS FROM `user` [ RunTime:0.0037s ]
SQL: SELECT `id` FROM `user` ORDER BY id desc LIMIT 1   [ RunTime:0.0002s ]
NOTIC: [8] Undefined variable: insertID D:\xampp\htdocs\wechat\Application\Home\Model\UserModel.class.php 第 30 行.
INFO: [ app_end ] --START--
INFO: Run Behavior\ShowPageTraceBehavior [ RunTime:0.000861s ]
INFO: [ app_end ] --END-- [ RunTime:0.000907s ]

[ 2017-05-16T13:38:39+08:00 ] ::1 /wechat/index.php/Home/User/test
INFO: [ app_init ] --START--
INFO: Run Behavior\BuildLiteBehavior [ RunTime:0.000019s ]
INFO: [ app_init ] --END-- [ RunTime:0.000599s ]
INFO: [ app_begin ] --START--
INFO: Run Behavior\ReadHtmlCacheBehavior [ RunTime:0.000893s ]
INFO: [ app_begin ] --END-- [ RunTime:0.000950s ]
SQL: SHOW COLUMNS FROM `user` [ RunTime:0.0036s ]
SQL: SELECT `id` FROM `user` ORDER BY id desc LIMIT 1   [ RunTime:0.0003s ]
NOTIC: [8] Undefined variable: insertID D:\xampp\htdocs\wechat\Application\Home\Model\UserModel.class.php 第 30 行.
INFO: [ app_end ] --START--
INFO: Run Behavior\ShowPageTraceBehavior [ RunTime:0.001025s ]
INFO: [ app_end ] --END-- [ RunTime:0.001074s ]

[ 2017-05-16T13:38:45+08:00 ] ::1 /wechat/index.php/Home/User/test
INFO: [ app_init ] --START--
INFO: Run Behavior\BuildLiteBehavior [ RunTime:0.000012s ]
INFO: [ app_init ] --END-- [ RunTime:0.000574s ]
INFO: [ app_begin ] --START--
INFO: Run Behavior\ReadHtmlCacheBehavior [ RunTime:0.000823s ]
INFO: [ app_begin ] --END-- [ RunTime:0.000861s ]
SQL: SHOW COLUMNS FROM `user` [ RunTime:0.0035s ]
SQL: SELECT `id` FROM `user` ORDER BY id desc LIMIT 1   [ RunTime:0.0003s ]
INFO: [ app_end ] --START--
INFO: Run Behavior\ShowPageTraceBehavior [ RunTime:0.000806s ]
INFO: [ app_end ] --END-- [ RunTime:0.000840s ]

[ 2017-05-16T13:41:20+08:00 ] ::1 /wechat/index.php/Home/User/test
INFO: [ app_init ] --START--
INFO: Run Behavior\BuildLiteBehavior [ RunTime:0.000015s ]
INFO: [ app_init ] --END-- [ RunTime:0.000540s ]
INFO: [ app_begin ] --START--
INFO: Run Behavior\ReadHtmlCacheBehavior [ RunTime:0.001067s ]
INFO: [ app_begin ] --END-- [ RunTime:0.001135s ]
SQL: SHOW COLUMNS FROM `user` [ RunTime:0.0058s ]
SQL: SELECT `id` FROM `user` ORDER BY id desc LIMIT 1   [ RunTime:0.0002s ]
INFO: [ app_end ] --START--
INFO: Run Behavior\ShowPageTraceBehavior [ RunTime:0.000872s ]
INFO: [ app_end ] --END-- [ RunTime:0.000913s ]

[ 2017-05-16T13:41:32+08:00 ] ::1 /wechat/index.php/Home/User/test
INFO: [ app_init ] --START--
INFO: Run Behavior\BuildLiteBehavior [ RunTime:0.000013s ]
INFO: [ app_init ] --END-- [ RunTime:0.000478s ]
INFO: [ app_begin ] --START--
INFO: Run Behavior\ReadHtmlCacheBehavior [ RunTime:0.000803s ]
INFO: [ app_begin ] --END-- [ RunTime:0.000847s ]
SQL: SHOW COLUMNS FROM `user` [ RunTime:0.0037s ]
SQL: SELECT `id` FROM `user` ORDER BY id desc LIMIT 1   [ RunTime:0.0002s ]
INFO: [ app_end ] --START--
INFO: Run Behavior\ShowPageTraceBehavior [ RunTime:0.001012s ]
INFO: [ app_end ] --END-- [ RunTime:0.001056s ]

[ 2017-05-16T20:31:43+08:00 ] ::1 /wechat/index.php/Home/User/test
INFO: [ app_init ] --START--
INFO: Run Behavior\BuildLiteBehavior [ RunTime:0.000015s ]
INFO: [ app_init ] --END-- [ RunTime:0.000574s ]
INFO: [ app_begin ] --START--
INFO: Run Behavior\ReadHtmlCacheBehavior [ RunTime:0.000483s ]
INFO: [ app_begin ] --END-- [ RunTime:0.000524s ]
SQL: SHOW COLUMNS FROM `user` [ RunTime:0.0204s ]
SQL: SELECT `id` FROM `user` ORDER BY id desc LIMIT 1   [ RunTime:0.0150s ]
INFO: [ app_end ] --START--
INFO: Run Behavior\ShowPageTraceBehavior [ RunTime:0.013997s ]
INFO: [ app_end ] --END-- [ RunTime:0.014057s ]

[ 2017-05-16T20:37:20+08:00 ] ::1 /wechat/index.php/Home/User/signup/bbb/123
INFO: [ app_init ] --START--
INFO: Run Behavior\BuildLiteBehavior [ RunTime:0.000013s ]
INFO: [ app_init ] --END-- [ RunTime:0.000506s ]
INFO: [ app_begin ] --START--
INFO: Run Behavior\ReadHtmlCacheBehavior [ RunTime:0.000542s ]
INFO: [ app_begin ] --END-- [ RunTime:0.000591s ]
ERR: 参数错误或者未定义:username

[ 2017-05-16T20:38:33+08:00 ] ::1 /wechat/index.php/Home/User/signup/bbb/123
INFO: [ app_init ] --START--
INFO: Run Behavior\BuildLiteBehavior [ RunTime:0.000010s ]
INFO: [ app_init ] --END-- [ RunTime:0.000507s ]
INFO: [ app_begin ] --START--
INFO: Run Behavior\ReadHtmlCacheBehavior [ RunTime:0.001200s ]
INFO: [ app_begin ] --END-- [ RunTime:0.001263s ]
ERR: 参数错误或者未定义:username

[ 2017-05-16T20:38:34+08:00 ] ::1 /wechat/index.php/Home/User/signup/bbb/123
INFO: [ app_init ] --START--
INFO: Run Behavior\BuildLiteBehavior [ RunTime:0.000013s ]
INFO: [ app_init ] --END-- [ RunTime:0.000481s ]
INFO: [ app_begin ] --START--
INFO: Run Behavior\ReadHtmlCacheBehavior [ RunTime:0.000958s ]
INFO: [ app_begin ] --END-- [ RunTime:0.000994s ]
ERR: 参数错误或者未定义:username

[ 2017-05-16T20:38:50+08:00 ] ::1 /wechat/index.php/Home/User/signup/username/bbb/pwd/123
INFO: [ app_init ] --START--
INFO: Run Behavior\BuildLiteBehavior [ RunTime:0.000012s ]
INFO: [ app_init ] --END-- [ RunTime:0.000547s ]
INFO: [ app_begin ] --START--
INFO: Run Behavior\ReadHtmlCacheBehavior [ RunTime:0.000909s ]
INFO: [ app_begin ] --END-- [ RunTime:0.000948s ]
SQL: SHOW COLUMNS FROM `user` [ RunTime:0.0235s ]
SQL: SELECT `id` FROM `user` ORDER BY id desc LIMIT 1   [ RunTime:0.0003s ]
ERR: Think\Model:signup方法不存在！

[ 2017-05-16T20:39:14+08:00 ] ::1 /wechat/index.php/Home/User/signup/username/bbb/pwd/123
INFO: [ app_init ] --START--
INFO: Run Behavior\BuildLiteBehavior [ RunTime:0.000011s ]
INFO: [ app_init ] --END-- [ RunTime:0.000499s ]
INFO: [ app_begin ] --START--
INFO: Run Behavior\ReadHtmlCacheBehavior [ RunTime:0.001059s ]
INFO: [ app_begin ] --END-- [ RunTime:0.001100s ]
SQL: SHOW COLUMNS FROM `user` [ RunTime:0.0030s ]
SQL: SELECT `id` FROM `user` ORDER BY id desc LIMIT 1   [ RunTime:0.0003s ]
NOTIC: [8] Undefined index: validate D:\xampp\htdocs\wechat\ThinkPHP\Library\Think\Model.class.php 第 1185 行.
NOTIC: [8] Undefined index: auto D:\xampp\htdocs\wechat\ThinkPHP\Library\Think\Model.class.php 第 1128 行.
SQL: INSERT INTO `user` (`userid`,`username`,`password`) VALUES ('000011','bbb','123') [ RunTime:0.0678s ]
INFO: [ app_end ] --START--
INFO: Run Behavior\ShowPageTraceBehavior [ RunTime:0.002632s ]
INFO: [ app_end ] --END-- [ RunTime:0.002719s ]

[ 2017-05-16T20:57:05+08:00 ] 192.168.201.80 /wechat/index.php/Home/User/signup/username/blade/pwd/e10adc3949ba59abbe56e057f20f883e
INFO: [ app_init ] --START--
INFO: Run Behavior\BuildLiteBehavior [ RunTime:0.000011s ]
INFO: [ app_init ] --END-- [ RunTime:0.000442s ]
INFO: [ app_begin ] --START--
INFO: Run Behavior\ReadHtmlCacheBehavior [ RunTime:0.000716s ]
INFO: [ app_begin ] --END-- [ RunTime:0.000759s ]
SQL: SHOW COLUMNS FROM `user` [ RunTime:0.0026s ]
SQL: SELECT `id` FROM `user` ORDER BY id desc LIMIT 1   [ RunTime:0.0003s ]
NOTIC: [8] Undefined index: validate D:\xampp\htdocs\wechat\ThinkPHP\Library\Think\Model.class.php 第 1185 行.
NOTIC: [8] Undefined index: auto D:\xampp\htdocs\wechat\ThinkPHP\Library\Think\Model.class.php 第 1128 行.
SQL: INSERT INTO `user` (`userid`,`username`,`password`) VALUES ('000012','blade','e10adc3949ba59abbe56e057f20f883e') [ RunTime:0.0642s ]
INFO: [ app_end ] --START--
INFO: Run Behavior\ShowPageTraceBehavior [ RunTime:0.002676s ]
INFO: [ app_end ] --END-- [ RunTime:0.002811s ]

