[ 2017-06-03T19:20:45+08:00 ] 10.173.104.106 /wechat/index.php/Home/User/login/
INFO: [ app_init ] --START--
INFO: Run Behavior\BuildLiteBehavior [ RunTime:0.000037s ]
INFO: [ app_init ] --END-- [ RunTime:0.061257s ]
INFO: [ app_begin ] --START--
INFO: Run Behavior\ReadHtmlCacheBehavior [ RunTime:0.014114s ]
INFO: [ app_begin ] --END-- [ RunTime:0.014220s ]
SQL: SHOW COLUMNS FROM `user` [ RunTime:0.1465s ]
SQL: SELECT `id` FROM `user` ORDER BY id desc LIMIT 1   [ RunTime:0.0155s ]
SQL: SELECT * FROM `user` WHERE `username` = 'blade' AND `password` = '202cb962ac59075b964b07152d234b70' LIMIT 1   [ RunTime:0.0059s ]
INFO: [ app_end ] --START--
INFO: Run Behavior\ShowPageTraceBehavior [ RunTime:0.011248s ]
INFO: [ app_end ] --END-- [ RunTime:0.011427s ]

[ 2017-06-03T19:21:04+08:00 ] 10.173.104.106 /wechat/index.php/Home/User/login/
INFO: [ app_init ] --START--
INFO: Run Behavior\BuildLiteBehavior [ RunTime:0.000023s ]
INFO: [ app_init ] --END-- [ RunTime:0.000881s ]
INFO: [ app_begin ] --START--
INFO: Run Behavior\ReadHtmlCacheBehavior [ RunTime:0.002391s ]
INFO: [ app_begin ] --END-- [ RunTime:0.002500s ]
SQL: SHOW COLUMNS FROM `user` [ RunTime:0.0404s ]
SQL: SELECT `id` FROM `user` ORDER BY id desc LIMIT 1   [ RunTime:0.0003s ]
SQL: SELECT * FROM `user` WHERE `username` = 'blade' AND `password` = '202cb962ac59075b964b07152d234b70' LIMIT 1   [ RunTime:0.0003s ]
INFO: [ app_end ] --START--
INFO: Run Behavior\ShowPageTraceBehavior [ RunTime:0.000820s ]
INFO: [ app_end ] --END-- [ RunTime:0.000887s ]

[ 2017-06-03T19:21:04+08:00 ] 10.173.104.106 /wechat/index.php/Home/User/login/
INFO: [ app_init ] --START--
INFO: Run Behavior\BuildLiteBehavior [ RunTime:0.000027s ]
INFO: [ app_init ] --END-- [ RunTime:0.000994s ]
INFO: [ app_begin ] --START--
INFO: Run Behavior\ReadHtmlCacheBehavior [ RunTime:0.001192s ]
INFO: [ app_begin ] --END-- [ RunTime:0.001289s ]
SQL: SHOW COLUMNS FROM `user` [ RunTime:0.0407s ]
SQL: SELECT `id` FROM `user` ORDER BY id desc LIMIT 1   [ RunTime:0.0003s ]
SQL: SELECT * FROM `user` WHERE `username` = 'blade' AND `password` = '202cb962ac59075b964b07152d234b70' LIMIT 1   [ RunTime:0.0003s ]
INFO: [ app_end ] --START--
INFO: Run Behavior\ShowPageTraceBehavior [ RunTime:0.000772s ]
INFO: [ app_end ] --END-- [ RunTime:0.000835s ]

[ 2017-06-03T19:21:04+08:00 ] 10.173.104.106 /wechat/index.php/Home/User/login/
INFO: [ app_init ] --START--
INFO: Run Behavior\BuildLiteBehavior [ RunTime:0.000020s ]
INFO: [ app_init ] --END-- [ RunTime:0.000818s ]
INFO: [ app_begin ] --START--
INFO: Run Behavior\ReadHtmlCacheBehavior [ RunTime:0.000714s ]
INFO: [ app_begin ] --END-- [ RunTime:0.000785s ]
SQL: SHOW COLUMNS FROM `user` [ RunTime:0.0071s ]
SQL: SELECT `id` FROM `user` ORDER BY id desc LIMIT 1   [ RunTime:0.0004s ]
SQL: SELECT * FROM `user` WHERE `username` = 'blade' AND `password` = '202cb962ac59075b964b07152d234b70' LIMIT 1   [ RunTime:0.0004s ]
INFO: [ app_end ] --START--
INFO: Run Behavior\ShowPageTraceBehavior [ RunTime:0.000953s ]
INFO: [ app_end ] --END-- [ RunTime:0.001066s ]

[ 2017-06-03T19:21:04+08:00 ] 10.173.104.106 /wechat/index.php/Home/User/login/
INFO: [ app_init ] --START--
INFO: Run Behavior\BuildLiteBehavior [ RunTime:0.000022s ]
INFO: [ app_init ] --END-- [ RunTime:0.000706s ]
INFO: [ app_begin ] --START--
INFO: Run Behavior\ReadHtmlCacheBehavior [ RunTime:0.000857s ]
INFO: [ app_begin ] --END-- [ RunTime:0.000935s ]
SQL: SHOW COLUMNS FROM `user` [ RunTime:0.0060s ]
SQL: SELECT `id` FROM `user` ORDER BY id desc LIMIT 1   [ RunTime:0.0004s ]
SQL: SELECT * FROM `user` WHERE `username` = 'blade' AND `password` = '202cb962ac59075b964b07152d234b70' LIMIT 1   [ RunTime:0.0004s ]
INFO: [ app_end ] --START--
INFO: Run Behavior\ShowPageTraceBehavior [ RunTime:0.000833s ]
INFO: [ app_end ] --END-- [ RunTime:0.000919s ]

[ 2017-06-03T19:24:03+08:00 ] 10.173.104.106 /wechat/index.php/Home/User/login/
INFO: [ app_init ] --START--
INFO: Run Behavior\BuildLiteBehavior [ RunTime:0.000021s ]
INFO: [ app_init ] --END-- [ RunTime:0.001032s ]
INFO: [ app_begin ] --START--
INFO: Run Behavior\ReadHtmlCacheBehavior [ RunTime:0.001381s ]
INFO: [ app_begin ] --END-- [ RunTime:0.001474s ]
SQL: SHOW COLUMNS FROM `user` [ RunTime:0.0436s ]
SQL: SELECT `id` FROM `user` ORDER BY id desc LIMIT 1   [ RunTime:0.0008s ]
SQL: SELECT * FROM `user` WHERE `username` = 'blade' AND `password` = '202cb962ac59075b964b07152d234b70' LIMIT 1   [ RunTime:0.0008s ]
INFO: [ app_end ] --START--
INFO: Run Behavior\ShowPageTraceBehavior [ RunTime:0.002379s ]
INFO: [ app_end ] --END-- [ RunTime:0.002538s ]

[ 2017-06-03T20:53:41+08:00 ] ::1 /wechat/index.php/Home/User/login/userid/000001/pwd/99e40398f347155124bacca53b74750e
INFO: [ app_init ] --START--
INFO: Run Behavior\BuildLiteBehavior [ RunTime:0.000027s ]
INFO: [ app_init ] --END-- [ RunTime:0.011602s ]
INFO: [ app_begin ] --START--
INFO: Run Behavior\ReadHtmlCacheBehavior [ RunTime:0.015276s ]
INFO: [ app_begin ] --END-- [ RunTime:0.015356s ]
ERR: 参数错误或者未定义:username

[ 2017-06-03T20:53:54+08:00 ] ::1 /wechat/index.php/Home/User/login/username/blade/pwd/123
INFO: [ app_init ] --START--
INFO: Run Behavior\BuildLiteBehavior [ RunTime:0.000013s ]
INFO: [ app_init ] --END-- [ RunTime:0.000511s ]
INFO: [ app_begin ] --START--
INFO: Run Behavior\ReadHtmlCacheBehavior [ RunTime:0.000892s ]
INFO: [ app_begin ] --END-- [ RunTime:0.000939s ]
SQL: SHOW COLUMNS FROM `user` [ RunTime:0.0206s ]
SQL: SELECT `id` FROM `user` ORDER BY id desc LIMIT 1   [ RunTime:0.0003s ]
SQL: SELECT * FROM `user` WHERE `username` = 'blade' AND `password` = '123' LIMIT 1   [ RunTime:0.0002s ]
INFO: [ app_end ] --START--
INFO: Run Behavior\ShowPageTraceBehavior [ RunTime:0.016199s ]
INFO: [ app_end ] --END-- [ RunTime:0.016300s ]

